<?xml version="1.0" encoding="UTF-8"?>
<testsuite name="com.zerohip.server.financialRecord.repository.FinancialRecordRepositoryTest" tests="4" skipped="0" failures="0" errors="0" timestamp="2023-07-12T08:48:39" hostname="seojaegon-ui-MacBookPro-2.local" time="0.128">
  <properties/>
  <testcase name="가계부 삭제" classname="com.zerohip.server.financialRecord.repository.FinancialRecordRepositoryTest" time="0.064"/>
  <testcase name="가계부 조회(전체)" classname="com.zerohip.server.financialRecord.repository.FinancialRecordRepositoryTest" time="0.053"/>
  <testcase name="가계부 조회(단건)" classname="com.zerohip.server.financialRecord.repository.FinancialRecordRepositoryTest" time="0.006"/>
  <testcase name="가계부 생성" classname="com.zerohip.server.financialRecord.repository.FinancialRecordRepositoryTest" time="0.003"/>
  <system-out><![CDATA[2023-07-12 17:48:39 [Test worker] INFO  o.s.b.t.c.SpringBootTestContextBootstrapper [ 305] - Neither @ContextConfiguration nor @ContextHierarchy found for test class [com.zerohip.server.financialRecord.repository.FinancialRecordRepositoryTest], using SpringBootContextLoader
2023-07-12 17:48:39 [Test worker] INFO  o.s.t.c.s.AbstractContextLoader [ 264] - Could not detect default resource locations for test class [com.zerohip.server.financialRecord.repository.FinancialRecordRepositoryTest]: no resource found for suffixes {-context.xml, Context.groovy}.
2023-07-12 17:48:39 [Test worker] INFO  o.s.t.c.s.AnnotationConfigContextLoaderUtils [  83] - Could not detect default configuration classes for test class [com.zerohip.server.financialRecord.repository.FinancialRecordRepositoryTest]: FinancialRecordRepositoryTest does not declare any static, non-private, non-final, nested classes annotated with @Configuration.
2023-07-12 17:48:39 [Test worker] INFO  o.s.b.t.c.SpringBootTestContextBootstrapper [ 239] - Found @SpringBootConfiguration com.zerohip.server.ServerApplication for test class com.zerohip.server.financialRecord.repository.FinancialRecordRepositoryTest
2023-07-12 17:48:39 [Test worker] INFO  o.s.b.t.c.SpringBootTestContextBootstrapper [ 245] - Loaded default TestExecutionListener class names from location [META-INF/spring.factories]: [org.springframework.boot.test.autoconfigure.restdocs.RestDocsTestExecutionListener, org.springframework.boot.test.autoconfigure.web.client.MockRestServiceServerResetTestExecutionListener, org.springframework.boot.test.autoconfigure.web.servlet.MockMvcPrintOnlyOnFailureTestExecutionListener, org.springframework.boot.test.autoconfigure.web.servlet.WebDriverTestExecutionListener, org.springframework.boot.test.autoconfigure.webservices.client.MockWebServiceServerTestExecutionListener, org.springframework.boot.test.mock.mockito.MockitoTestExecutionListener, org.springframework.boot.test.mock.mockito.ResetMocksTestExecutionListener, org.springframework.test.context.web.ServletTestExecutionListener, org.springframework.test.context.support.DirtiesContextBeforeModesTestExecutionListener, org.springframework.test.context.event.ApplicationEventsTestExecutionListener, org.springframework.test.context.support.DependencyInjectionTestExecutionListener, org.springframework.test.context.support.DirtiesContextTestExecutionListener, org.springframework.test.context.transaction.TransactionalTestExecutionListener, org.springframework.test.context.jdbc.SqlScriptsTestExecutionListener, org.springframework.test.context.event.EventPublishingTestExecutionListener]
2023-07-12 17:48:39 [Test worker] INFO  o.s.b.t.c.SpringBootTestContextBootstrapper [ 174] - Using TestExecutionListeners: [org.springframework.test.context.web.ServletTestExecutionListener@55731ccd, org.springframework.test.context.support.DirtiesContextBeforeModesTestExecutionListener@750adad8, org.springframework.test.context.event.ApplicationEventsTestExecutionListener@41935a9d, org.springframework.boot.test.mock.mockito.MockitoTestExecutionListener@1b08d26f, org.springframework.boot.test.autoconfigure.SpringBootDependencyInjectionTestExecutionListener@565030b7, org.springframework.test.context.support.DirtiesContextTestExecutionListener@752fecbf, org.springframework.test.context.transaction.TransactionalTestExecutionListener@2eb31735, org.springframework.test.context.jdbc.SqlScriptsTestExecutionListener@73753326, org.springframework.test.context.event.EventPublishingTestExecutionListener@24f77077, org.springframework.boot.test.autoconfigure.restdocs.RestDocsTestExecutionListener@2eb73a42, org.springframework.boot.test.autoconfigure.web.client.MockRestServiceServerResetTestExecutionListener@188b9a1e, org.springframework.boot.test.autoconfigure.web.servlet.MockMvcPrintOnlyOnFailureTestExecutionListener@423d662a, org.springframework.boot.test.autoconfigure.web.servlet.WebDriverTestExecutionListener@5d56c2d2, org.springframework.boot.test.autoconfigure.webservices.client.MockWebServiceServerTestExecutionListener@4a249610, org.springframework.boot.test.mock.mockito.ResetMocksTestExecutionListener@ebbbe20]
2023-07-12 17:48:39 [Test worker] INFO  o.s.t.c.t.TransactionContext [ 107] - Began transaction (1) for test context [DefaultTestContext@75b25ec3 testClass = FinancialRecordRepositoryTest, testInstance = com.zerohip.server.financialRecord.repository.FinancialRecordRepositoryTest@69e736bf, testMethod = delete@FinancialRecordRepositoryTest, testException = [null], mergedContextConfiguration = [WebMergedContextConfiguration@6b60d99c testClass = FinancialRecordRepositoryTest, locations = '{}', classes = '{class com.zerohip.server.ServerApplication}', contextInitializerClasses = '[]', activeProfiles = '{}', propertySourceLocations = '{}', propertySourceProperties = '{org.springframework.boot.test.context.SpringBootTestContextBootstrapper=true}', contextCustomizers = set[org.springframework.boot.test.autoconfigure.actuate.metrics.MetricsExportContextCustomizerFactory$DisableMetricExportContextCustomizer@3f91b517, org.springframework.boot.test.autoconfigure.properties.PropertyMappingContextCustomizer@0, org.springframework.boot.test.autoconfigure.web.servlet.WebDriverContextCustomizerFactory$Customizer@7a55af6b, org.springframework.boot.test.context.filter.ExcludeFilterContextCustomizer@8576fa0, org.springframework.boot.test.json.DuplicateJsonObjectContextCustomizerFactory$DuplicateJsonObjectContextCustomizer@3daf7722, org.springframework.boot.test.mock.mockito.MockitoContextCustomizer@0, org.springframework.boot.test.web.client.TestRestTemplateContextCustomizer@1458ed9c, org.springframework.boot.test.context.SpringBootTestArgs@1, org.springframework.boot.test.context.SpringBootTestWebEnvironment@1dac5ef], resourceBasePath = 'src/main/webapp', contextLoader = 'org.springframework.boot.test.context.SpringBootContextLoader', parent = [null]], attributes = map['org.springframework.test.context.web.ServletTestExecutionListener.activateListener' -> true, 'org.springframework.test.context.web.ServletTestExecutionListener.populatedRequestContextHolder' -> true, 'org.springframework.test.context.web.ServletTestExecutionListener.resetRequestContextHolder' -> true, 'org.springframework.test.context.event.ApplicationEventsTestExecutionListener.recordApplicationEvents' -> false]]; transaction manager [org.springframework.orm.jpa.JpaTransactionManager@6075a4ea]; rollback [true]
Hibernate: 
    /* insert com.zerohip.server.financialRecord.entity.FinancialRecord
        */ insert 
        into
            financial_record
            (financial_record_id, financial_record_name, memo) 
        values
            (default, ?, ?)
2023-07-12 17:48:39 [Test worker] INFO  c.z.s.f.r.FinancialRecordRepositoryTest [  84] - saveFaRec.getFinancialRecordName() = test용 가계부
2023-07-12 17:48:39 [Test worker] INFO  o.s.t.c.t.TransactionContext [ 139] - Rolled back transaction for test: [DefaultTestContext@75b25ec3 testClass = FinancialRecordRepositoryTest, testInstance = com.zerohip.server.financialRecord.repository.FinancialRecordRepositoryTest@69e736bf, testMethod = delete@FinancialRecordRepositoryTest, testException = [null], mergedContextConfiguration = [WebMergedContextConfiguration@6b60d99c testClass = FinancialRecordRepositoryTest, locations = '{}', classes = '{class com.zerohip.server.ServerApplication}', contextInitializerClasses = '[]', activeProfiles = '{}', propertySourceLocations = '{}', propertySourceProperties = '{org.springframework.boot.test.context.SpringBootTestContextBootstrapper=true}', contextCustomizers = set[org.springframework.boot.test.autoconfigure.actuate.metrics.MetricsExportContextCustomizerFactory$DisableMetricExportContextCustomizer@3f91b517, org.springframework.boot.test.autoconfigure.properties.PropertyMappingContextCustomizer@0, org.springframework.boot.test.autoconfigure.web.servlet.WebDriverContextCustomizerFactory$Customizer@7a55af6b, org.springframework.boot.test.context.filter.ExcludeFilterContextCustomizer@8576fa0, org.springframework.boot.test.json.DuplicateJsonObjectContextCustomizerFactory$DuplicateJsonObjectContextCustomizer@3daf7722, org.springframework.boot.test.mock.mockito.MockitoContextCustomizer@0, org.springframework.boot.test.web.client.TestRestTemplateContextCustomizer@1458ed9c, org.springframework.boot.test.context.SpringBootTestArgs@1, org.springframework.boot.test.context.SpringBootTestWebEnvironment@1dac5ef], resourceBasePath = 'src/main/webapp', contextLoader = 'org.springframework.boot.test.context.SpringBootContextLoader', parent = [null]], attributes = map['org.springframework.test.context.web.ServletTestExecutionListener.activateListener' -> true, 'org.springframework.test.context.web.ServletTestExecutionListener.populatedRequestContextHolder' -> true, 'org.springframework.test.context.web.ServletTestExecutionListener.resetRequestContextHolder' -> true, 'org.springframework.test.context.event.ApplicationEventsTestExecutionListener.recordApplicationEvents' -> false]]
2023-07-12 17:48:39 [Test worker] INFO  o.s.t.c.t.TransactionContext [ 107] - Began transaction (1) for test context [DefaultTestContext@75b25ec3 testClass = FinancialRecordRepositoryTest, testInstance = com.zerohip.server.financialRecord.repository.FinancialRecordRepositoryTest@738153d8, testMethod = findAll@FinancialRecordRepositoryTest, testException = [null], mergedContextConfiguration = [WebMergedContextConfiguration@6b60d99c testClass = FinancialRecordRepositoryTest, locations = '{}', classes = '{class com.zerohip.server.ServerApplication}', contextInitializerClasses = '[]', activeProfiles = '{}', propertySourceLocations = '{}', propertySourceProperties = '{org.springframework.boot.test.context.SpringBootTestContextBootstrapper=true}', contextCustomizers = set[org.springframework.boot.test.autoconfigure.actuate.metrics.MetricsExportContextCustomizerFactory$DisableMetricExportContextCustomizer@3f91b517, org.springframework.boot.test.autoconfigure.properties.PropertyMappingContextCustomizer@0, org.springframework.boot.test.autoconfigure.web.servlet.WebDriverContextCustomizerFactory$Customizer@7a55af6b, org.springframework.boot.test.context.filter.ExcludeFilterContextCustomizer@8576fa0, org.springframework.boot.test.json.DuplicateJsonObjectContextCustomizerFactory$DuplicateJsonObjectContextCustomizer@3daf7722, org.springframework.boot.test.mock.mockito.MockitoContextCustomizer@0, org.springframework.boot.test.web.client.TestRestTemplateContextCustomizer@1458ed9c, org.springframework.boot.test.context.SpringBootTestArgs@1, org.springframework.boot.test.context.SpringBootTestWebEnvironment@1dac5ef], resourceBasePath = 'src/main/webapp', contextLoader = 'org.springframework.boot.test.context.SpringBootContextLoader', parent = [null]], attributes = map['org.springframework.test.context.web.ServletTestExecutionListener.activateListener' -> true, 'org.springframework.test.context.web.ServletTestExecutionListener.populatedRequestContextHolder' -> true, 'org.springframework.test.context.web.ServletTestExecutionListener.resetRequestContextHolder' -> true, 'org.springframework.test.context.event.ApplicationEventsTestExecutionListener.recordApplicationEvents' -> false]]; transaction manager [org.springframework.orm.jpa.JpaTransactionManager@6075a4ea]; rollback [true]
Hibernate: 
    /* insert com.zerohip.server.financialRecord.entity.FinancialRecord
        */ insert 
        into
            financial_record
            (financial_record_id, financial_record_name, memo) 
        values
            (default, ?, ?)
Hibernate: 
    /* insert com.zerohip.server.financialRecord.entity.FinancialRecord
        */ insert 
        into
            financial_record
            (financial_record_id, financial_record_name, memo) 
        values
            (default, ?, ?)
2023-07-12 17:48:39 [Test worker] INFO  c.z.s.f.r.FinancialRecordRepositoryTest [  68] - saveFaRec.getFinancialRecordName() = test용 가계부
2023-07-12 17:48:39 [Test worker] INFO  c.z.s.f.r.FinancialRecordRepositoryTest [  69] - saveFaRec2.getFinancialRecordName() = test용 가계부2
Hibernate: 
    /* select
        generatedAlias0 
    from
        FinancialRecord as generatedAlias0 */ select
            financialr0_.financial_record_id as financia1_0_,
            financialr0_.financial_record_name as financia2_0_,
            financialr0_.memo as memo3_0_ 
        from
            financial_record financialr0_
2023-07-12 17:48:39 [Test worker] INFO  o.s.t.c.t.TransactionContext [ 139] - Rolled back transaction for test: [DefaultTestContext@75b25ec3 testClass = FinancialRecordRepositoryTest, testInstance = com.zerohip.server.financialRecord.repository.FinancialRecordRepositoryTest@738153d8, testMethod = findAll@FinancialRecordRepositoryTest, testException = [null], mergedContextConfiguration = [WebMergedContextConfiguration@6b60d99c testClass = FinancialRecordRepositoryTest, locations = '{}', classes = '{class com.zerohip.server.ServerApplication}', contextInitializerClasses = '[]', activeProfiles = '{}', propertySourceLocations = '{}', propertySourceProperties = '{org.springframework.boot.test.context.SpringBootTestContextBootstrapper=true}', contextCustomizers = set[org.springframework.boot.test.autoconfigure.actuate.metrics.MetricsExportContextCustomizerFactory$DisableMetricExportContextCustomizer@3f91b517, org.springframework.boot.test.autoconfigure.properties.PropertyMappingContextCustomizer@0, org.springframework.boot.test.autoconfigure.web.servlet.WebDriverContextCustomizerFactory$Customizer@7a55af6b, org.springframework.boot.test.context.filter.ExcludeFilterContextCustomizer@8576fa0, org.springframework.boot.test.json.DuplicateJsonObjectContextCustomizerFactory$DuplicateJsonObjectContextCustomizer@3daf7722, org.springframework.boot.test.mock.mockito.MockitoContextCustomizer@0, org.springframework.boot.test.web.client.TestRestTemplateContextCustomizer@1458ed9c, org.springframework.boot.test.context.SpringBootTestArgs@1, org.springframework.boot.test.context.SpringBootTestWebEnvironment@1dac5ef], resourceBasePath = 'src/main/webapp', contextLoader = 'org.springframework.boot.test.context.SpringBootContextLoader', parent = [null]], attributes = map['org.springframework.test.context.web.ServletTestExecutionListener.activateListener' -> true, 'org.springframework.test.context.web.ServletTestExecutionListener.populatedRequestContextHolder' -> true, 'org.springframework.test.context.web.ServletTestExecutionListener.resetRequestContextHolder' -> true, 'org.springframework.test.context.event.ApplicationEventsTestExecutionListener.recordApplicationEvents' -> false]]
2023-07-12 17:48:39 [Test worker] INFO  o.s.t.c.t.TransactionContext [ 107] - Began transaction (1) for test context [DefaultTestContext@75b25ec3 testClass = FinancialRecordRepositoryTest, testInstance = com.zerohip.server.financialRecord.repository.FinancialRecordRepositoryTest@1cf7c055, testMethod = findById@FinancialRecordRepositoryTest, testException = [null], mergedContextConfiguration = [WebMergedContextConfiguration@6b60d99c testClass = FinancialRecordRepositoryTest, locations = '{}', classes = '{class com.zerohip.server.ServerApplication}', contextInitializerClasses = '[]', activeProfiles = '{}', propertySourceLocations = '{}', propertySourceProperties = '{org.springframework.boot.test.context.SpringBootTestContextBootstrapper=true}', contextCustomizers = set[org.springframework.boot.test.autoconfigure.actuate.metrics.MetricsExportContextCustomizerFactory$DisableMetricExportContextCustomizer@3f91b517, org.springframework.boot.test.autoconfigure.properties.PropertyMappingContextCustomizer@0, org.springframework.boot.test.autoconfigure.web.servlet.WebDriverContextCustomizerFactory$Customizer@7a55af6b, org.springframework.boot.test.context.filter.ExcludeFilterContextCustomizer@8576fa0, org.springframework.boot.test.json.DuplicateJsonObjectContextCustomizerFactory$DuplicateJsonObjectContextCustomizer@3daf7722, org.springframework.boot.test.mock.mockito.MockitoContextCustomizer@0, org.springframework.boot.test.web.client.TestRestTemplateContextCustomizer@1458ed9c, org.springframework.boot.test.context.SpringBootTestArgs@1, org.springframework.boot.test.context.SpringBootTestWebEnvironment@1dac5ef], resourceBasePath = 'src/main/webapp', contextLoader = 'org.springframework.boot.test.context.SpringBootContextLoader', parent = [null]], attributes = map['org.springframework.test.context.web.ServletTestExecutionListener.activateListener' -> true, 'org.springframework.test.context.web.ServletTestExecutionListener.populatedRequestContextHolder' -> true, 'org.springframework.test.context.web.ServletTestExecutionListener.resetRequestContextHolder' -> true, 'org.springframework.test.context.event.ApplicationEventsTestExecutionListener.recordApplicationEvents' -> false]]; transaction manager [org.springframework.orm.jpa.JpaTransactionManager@6075a4ea]; rollback [true]
Hibernate: 
    /* insert com.zerohip.server.financialRecord.entity.FinancialRecord
        */ insert 
        into
            financial_record
            (financial_record_id, financial_record_name, memo) 
        values
            (default, ?, ?)
2023-07-12 17:48:39 [Test worker] INFO  c.z.s.f.r.FinancialRecordRepositoryTest [  48] - saveFaRec.getFinancialRecordName() = test용 가계부
2023-07-12 17:48:39 [Test worker] INFO  c.z.s.f.r.FinancialRecordRepositoryTest [  52] - findFaRec.getFinancialRecordName() = test용 가계부
2023-07-12 17:48:39 [Test worker] INFO  o.s.t.c.t.TransactionContext [ 139] - Rolled back transaction for test: [DefaultTestContext@75b25ec3 testClass = FinancialRecordRepositoryTest, testInstance = com.zerohip.server.financialRecord.repository.FinancialRecordRepositoryTest@1cf7c055, testMethod = findById@FinancialRecordRepositoryTest, testException = [null], mergedContextConfiguration = [WebMergedContextConfiguration@6b60d99c testClass = FinancialRecordRepositoryTest, locations = '{}', classes = '{class com.zerohip.server.ServerApplication}', contextInitializerClasses = '[]', activeProfiles = '{}', propertySourceLocations = '{}', propertySourceProperties = '{org.springframework.boot.test.context.SpringBootTestContextBootstrapper=true}', contextCustomizers = set[org.springframework.boot.test.autoconfigure.actuate.metrics.MetricsExportContextCustomizerFactory$DisableMetricExportContextCustomizer@3f91b517, org.springframework.boot.test.autoconfigure.properties.PropertyMappingContextCustomizer@0, org.springframework.boot.test.autoconfigure.web.servlet.WebDriverContextCustomizerFactory$Customizer@7a55af6b, org.springframework.boot.test.context.filter.ExcludeFilterContextCustomizer@8576fa0, org.springframework.boot.test.json.DuplicateJsonObjectContextCustomizerFactory$DuplicateJsonObjectContextCustomizer@3daf7722, org.springframework.boot.test.mock.mockito.MockitoContextCustomizer@0, org.springframework.boot.test.web.client.TestRestTemplateContextCustomizer@1458ed9c, org.springframework.boot.test.context.SpringBootTestArgs@1, org.springframework.boot.test.context.SpringBootTestWebEnvironment@1dac5ef], resourceBasePath = 'src/main/webapp', contextLoader = 'org.springframework.boot.test.context.SpringBootContextLoader', parent = [null]], attributes = map['org.springframework.test.context.web.ServletTestExecutionListener.activateListener' -> true, 'org.springframework.test.context.web.ServletTestExecutionListener.populatedRequestContextHolder' -> true, 'org.springframework.test.context.web.ServletTestExecutionListener.resetRequestContextHolder' -> true, 'org.springframework.test.context.event.ApplicationEventsTestExecutionListener.recordApplicationEvents' -> false]]
2023-07-12 17:48:39 [Test worker] INFO  o.s.t.c.t.TransactionContext [ 107] - Began transaction (1) for test context [DefaultTestContext@75b25ec3 testClass = FinancialRecordRepositoryTest, testInstance = com.zerohip.server.financialRecord.repository.FinancialRecordRepositoryTest@24ae2183, testMethod = save@FinancialRecordRepositoryTest, testException = [null], mergedContextConfiguration = [WebMergedContextConfiguration@6b60d99c testClass = FinancialRecordRepositoryTest, locations = '{}', classes = '{class com.zerohip.server.ServerApplication}', contextInitializerClasses = '[]', activeProfiles = '{}', propertySourceLocations = '{}', propertySourceProperties = '{org.springframework.boot.test.context.SpringBootTestContextBootstrapper=true}', contextCustomizers = set[org.springframework.boot.test.autoconfigure.actuate.metrics.MetricsExportContextCustomizerFactory$DisableMetricExportContextCustomizer@3f91b517, org.springframework.boot.test.autoconfigure.properties.PropertyMappingContextCustomizer@0, org.springframework.boot.test.autoconfigure.web.servlet.WebDriverContextCustomizerFactory$Customizer@7a55af6b, org.springframework.boot.test.context.filter.ExcludeFilterContextCustomizer@8576fa0, org.springframework.boot.test.json.DuplicateJsonObjectContextCustomizerFactory$DuplicateJsonObjectContextCustomizer@3daf7722, org.springframework.boot.test.mock.mockito.MockitoContextCustomizer@0, org.springframework.boot.test.web.client.TestRestTemplateContextCustomizer@1458ed9c, org.springframework.boot.test.context.SpringBootTestArgs@1, org.springframework.boot.test.context.SpringBootTestWebEnvironment@1dac5ef], resourceBasePath = 'src/main/webapp', contextLoader = 'org.springframework.boot.test.context.SpringBootContextLoader', parent = [null]], attributes = map['org.springframework.test.context.web.ServletTestExecutionListener.activateListener' -> true, 'org.springframework.test.context.web.ServletTestExecutionListener.populatedRequestContextHolder' -> true, 'org.springframework.test.context.web.ServletTestExecutionListener.resetRequestContextHolder' -> true, 'org.springframework.test.context.event.ApplicationEventsTestExecutionListener.recordApplicationEvents' -> false]]; transaction manager [org.springframework.orm.jpa.JpaTransactionManager@6075a4ea]; rollback [true]
Hibernate: 
    /* insert com.zerohip.server.financialRecord.entity.FinancialRecord
        */ insert 
        into
            financial_record
            (financial_record_id, financial_record_name, memo) 
        values
            (default, ?, ?)
2023-07-12 17:48:39 [Test worker] INFO  c.z.s.f.r.FinancialRecordRepositoryTest [  38] - saveFaRec.getFinancialRecordName() = test용 가계부
2023-07-12 17:48:39 [Test worker] INFO  o.s.t.c.t.TransactionContext [ 139] - Rolled back transaction for test: [DefaultTestContext@75b25ec3 testClass = FinancialRecordRepositoryTest, testInstance = com.zerohip.server.financialRecord.repository.FinancialRecordRepositoryTest@24ae2183, testMethod = save@FinancialRecordRepositoryTest, testException = [null], mergedContextConfiguration = [WebMergedContextConfiguration@6b60d99c testClass = FinancialRecordRepositoryTest, locations = '{}', classes = '{class com.zerohip.server.ServerApplication}', contextInitializerClasses = '[]', activeProfiles = '{}', propertySourceLocations = '{}', propertySourceProperties = '{org.springframework.boot.test.context.SpringBootTestContextBootstrapper=true}', contextCustomizers = set[org.springframework.boot.test.autoconfigure.actuate.metrics.MetricsExportContextCustomizerFactory$DisableMetricExportContextCustomizer@3f91b517, org.springframework.boot.test.autoconfigure.properties.PropertyMappingContextCustomizer@0, org.springframework.boot.test.autoconfigure.web.servlet.WebDriverContextCustomizerFactory$Customizer@7a55af6b, org.springframework.boot.test.context.filter.ExcludeFilterContextCustomizer@8576fa0, org.springframework.boot.test.json.DuplicateJsonObjectContextCustomizerFactory$DuplicateJsonObjectContextCustomizer@3daf7722, org.springframework.boot.test.mock.mockito.MockitoContextCustomizer@0, org.springframework.boot.test.web.client.TestRestTemplateContextCustomizer@1458ed9c, org.springframework.boot.test.context.SpringBootTestArgs@1, org.springframework.boot.test.context.SpringBootTestWebEnvironment@1dac5ef], resourceBasePath = 'src/main/webapp', contextLoader = 'org.springframework.boot.test.context.SpringBootContextLoader', parent = [null]], attributes = map['org.springframework.test.context.web.ServletTestExecutionListener.activateListener' -> true, 'org.springframework.test.context.web.ServletTestExecutionListener.populatedRequestContextHolder' -> true, 'org.springframework.test.context.web.ServletTestExecutionListener.resetRequestContextHolder' -> true, 'org.springframework.test.context.event.ApplicationEventsTestExecutionListener.recordApplicationEvents' -> false]]
]]></system-out>
  <system-err><![CDATA[]]></system-err>
</testsuite>
