<?xml version="1.0" encoding="UTF-8"?>
<testsuite name="com.zerohip.server.financialRecord.service.FinancialRecordServiceImplTest" tests="5" skipped="0" failures="0" errors="0" timestamp="2023-07-12T08:48:39" hostname="seojaegon-ui-MacBookPro-2.local" time="0.032">
  <properties/>
  <testcase name="가계부 삭제" classname="com.zerohip.server.financialRecord.service.FinancialRecordServiceImplTest" time="0.01"/>
  <testcase name="가계부 수정" classname="com.zerohip.server.financialRecord.service.FinancialRecordServiceImplTest" time="0.006"/>
  <testcase name="가계부 생성" classname="com.zerohip.server.financialRecord.service.FinancialRecordServiceImplTest" time="0.005"/>
  <testcase name="가계부 전체 조회(동적쿼리 사용 예정)" classname="com.zerohip.server.financialRecord.service.FinancialRecordServiceImplTest" time="0.006"/>
  <testcase name="가계부 조회(단건)" classname="com.zerohip.server.financialRecord.service.FinancialRecordServiceImplTest" time="0.005"/>
  <system-out><![CDATA[2023-07-12 17:48:39 [Test worker] INFO  o.s.b.t.c.SpringBootTestContextBootstrapper [ 305] - Neither @ContextConfiguration nor @ContextHierarchy found for test class [com.zerohip.server.financialRecord.service.FinancialRecordServiceImplTest], using SpringBootContextLoader
2023-07-12 17:48:39 [Test worker] INFO  o.s.t.c.s.AbstractContextLoader [ 264] - Could not detect default resource locations for test class [com.zerohip.server.financialRecord.service.FinancialRecordServiceImplTest]: no resource found for suffixes {-context.xml, Context.groovy}.
2023-07-12 17:48:39 [Test worker] INFO  o.s.t.c.s.AnnotationConfigContextLoaderUtils [  83] - Could not detect default configuration classes for test class [com.zerohip.server.financialRecord.service.FinancialRecordServiceImplTest]: FinancialRecordServiceImplTest does not declare any static, non-private, non-final, nested classes annotated with @Configuration.
2023-07-12 17:48:39 [Test worker] INFO  o.s.b.t.c.SpringBootTestContextBootstrapper [ 239] - Found @SpringBootConfiguration com.zerohip.server.ServerApplication for test class com.zerohip.server.financialRecord.service.FinancialRecordServiceImplTest
2023-07-12 17:48:39 [Test worker] INFO  o.s.b.t.c.SpringBootTestContextBootstrapper [ 245] - Loaded default TestExecutionListener class names from location [META-INF/spring.factories]: [org.springframework.boot.test.autoconfigure.restdocs.RestDocsTestExecutionListener, org.springframework.boot.test.autoconfigure.web.client.MockRestServiceServerResetTestExecutionListener, org.springframework.boot.test.autoconfigure.web.servlet.MockMvcPrintOnlyOnFailureTestExecutionListener, org.springframework.boot.test.autoconfigure.web.servlet.WebDriverTestExecutionListener, org.springframework.boot.test.autoconfigure.webservices.client.MockWebServiceServerTestExecutionListener, org.springframework.boot.test.mock.mockito.MockitoTestExecutionListener, org.springframework.boot.test.mock.mockito.ResetMocksTestExecutionListener, org.springframework.test.context.web.ServletTestExecutionListener, org.springframework.test.context.support.DirtiesContextBeforeModesTestExecutionListener, org.springframework.test.context.event.ApplicationEventsTestExecutionListener, org.springframework.test.context.support.DependencyInjectionTestExecutionListener, org.springframework.test.context.support.DirtiesContextTestExecutionListener, org.springframework.test.context.transaction.TransactionalTestExecutionListener, org.springframework.test.context.jdbc.SqlScriptsTestExecutionListener, org.springframework.test.context.event.EventPublishingTestExecutionListener]
2023-07-12 17:48:39 [Test worker] INFO  o.s.b.t.c.SpringBootTestContextBootstrapper [ 174] - Using TestExecutionListeners: [org.springframework.test.context.web.ServletTestExecutionListener@20724c21, org.springframework.test.context.support.DirtiesContextBeforeModesTestExecutionListener@c0cb9c2, org.springframework.test.context.event.ApplicationEventsTestExecutionListener@eb66b47, org.springframework.boot.test.mock.mockito.MockitoTestExecutionListener@11e75942, org.springframework.boot.test.autoconfigure.SpringBootDependencyInjectionTestExecutionListener@23c61c1b, org.springframework.test.context.support.DirtiesContextTestExecutionListener@4a6d6308, org.springframework.test.context.transaction.TransactionalTestExecutionListener@773cc551, org.springframework.test.context.jdbc.SqlScriptsTestExecutionListener@5cbaafbd, org.springframework.test.context.event.EventPublishingTestExecutionListener@4f0f56f5, org.springframework.boot.test.autoconfigure.restdocs.RestDocsTestExecutionListener@6edb093f, org.springframework.boot.test.autoconfigure.web.client.MockRestServiceServerResetTestExecutionListener@7f5c4ff8, org.springframework.boot.test.autoconfigure.web.servlet.MockMvcPrintOnlyOnFailureTestExecutionListener@7692c0e9, org.springframework.boot.test.autoconfigure.web.servlet.WebDriverTestExecutionListener@431f8830, org.springframework.boot.test.autoconfigure.webservices.client.MockWebServiceServerTestExecutionListener@75bbe39d, org.springframework.boot.test.mock.mockito.ResetMocksTestExecutionListener@6805415d]
2023-07-12 17:48:39 [Test worker] INFO  o.s.t.c.t.TransactionContext [ 107] - Began transaction (1) for test context [DefaultTestContext@3791160a testClass = FinancialRecordServiceImplTest, testInstance = com.zerohip.server.financialRecord.service.FinancialRecordServiceImplTest@1d9cac6e, testMethod = deleteParam@FinancialRecordServiceImplTest, testException = [null], mergedContextConfiguration = [WebMergedContextConfiguration@5f510929 testClass = FinancialRecordServiceImplTest, locations = '{}', classes = '{class com.zerohip.server.ServerApplication}', contextInitializerClasses = '[]', activeProfiles = '{}', propertySourceLocations = '{}', propertySourceProperties = '{org.springframework.boot.test.context.SpringBootTestContextBootstrapper=true}', contextCustomizers = set[org.springframework.boot.test.autoconfigure.actuate.metrics.MetricsExportContextCustomizerFactory$DisableMetricExportContextCustomizer@3f91b517, org.springframework.boot.test.autoconfigure.properties.PropertyMappingContextCustomizer@0, org.springframework.boot.test.autoconfigure.web.servlet.WebDriverContextCustomizerFactory$Customizer@7a55af6b, org.springframework.boot.test.context.filter.ExcludeFilterContextCustomizer@8576fa0, org.springframework.boot.test.json.DuplicateJsonObjectContextCustomizerFactory$DuplicateJsonObjectContextCustomizer@3daf7722, org.springframework.boot.test.mock.mockito.MockitoContextCustomizer@0, org.springframework.boot.test.web.client.TestRestTemplateContextCustomizer@1458ed9c, org.springframework.boot.test.context.SpringBootTestArgs@1, org.springframework.boot.test.context.SpringBootTestWebEnvironment@1dac5ef], resourceBasePath = 'src/main/webapp', contextLoader = 'org.springframework.boot.test.context.SpringBootContextLoader', parent = [null]], attributes = map['org.springframework.test.context.web.ServletTestExecutionListener.activateListener' -> true, 'org.springframework.test.context.web.ServletTestExecutionListener.populatedRequestContextHolder' -> true, 'org.springframework.test.context.web.ServletTestExecutionListener.resetRequestContextHolder' -> true, 'org.springframework.test.context.event.ApplicationEventsTestExecutionListener.recordApplicationEvents' -> false]]; transaction manager [org.springframework.orm.jpa.JpaTransactionManager@6075a4ea]; rollback [true]
Hibernate: 
    /* insert com.zerohip.server.financialRecord.entity.FinancialRecord
        */ insert 
        into
            financial_record
            (financial_record_id, financial_record_name, memo) 
        values
            (default, ?, ?)
2023-07-12 17:48:39 [Test worker] INFO  c.z.s.f.s.FinancialRecordServiceImplTest [ 117] - saveFaRec.getFinancialRecordName() = test용 가계부
2023-07-12 17:48:39 [Test worker] INFO  o.s.t.c.t.TransactionContext [ 139] - Rolled back transaction for test: [DefaultTestContext@3791160a testClass = FinancialRecordServiceImplTest, testInstance = com.zerohip.server.financialRecord.service.FinancialRecordServiceImplTest@1d9cac6e, testMethod = deleteParam@FinancialRecordServiceImplTest, testException = [null], mergedContextConfiguration = [WebMergedContextConfiguration@5f510929 testClass = FinancialRecordServiceImplTest, locations = '{}', classes = '{class com.zerohip.server.ServerApplication}', contextInitializerClasses = '[]', activeProfiles = '{}', propertySourceLocations = '{}', propertySourceProperties = '{org.springframework.boot.test.context.SpringBootTestContextBootstrapper=true}', contextCustomizers = set[org.springframework.boot.test.autoconfigure.actuate.metrics.MetricsExportContextCustomizerFactory$DisableMetricExportContextCustomizer@3f91b517, org.springframework.boot.test.autoconfigure.properties.PropertyMappingContextCustomizer@0, org.springframework.boot.test.autoconfigure.web.servlet.WebDriverContextCustomizerFactory$Customizer@7a55af6b, org.springframework.boot.test.context.filter.ExcludeFilterContextCustomizer@8576fa0, org.springframework.boot.test.json.DuplicateJsonObjectContextCustomizerFactory$DuplicateJsonObjectContextCustomizer@3daf7722, org.springframework.boot.test.mock.mockito.MockitoContextCustomizer@0, org.springframework.boot.test.web.client.TestRestTemplateContextCustomizer@1458ed9c, org.springframework.boot.test.context.SpringBootTestArgs@1, org.springframework.boot.test.context.SpringBootTestWebEnvironment@1dac5ef], resourceBasePath = 'src/main/webapp', contextLoader = 'org.springframework.boot.test.context.SpringBootContextLoader', parent = [null]], attributes = map['org.springframework.test.context.web.ServletTestExecutionListener.activateListener' -> true, 'org.springframework.test.context.web.ServletTestExecutionListener.populatedRequestContextHolder' -> true, 'org.springframework.test.context.web.ServletTestExecutionListener.resetRequestContextHolder' -> true, 'org.springframework.test.context.event.ApplicationEventsTestExecutionListener.recordApplicationEvents' -> false]]
2023-07-12 17:48:39 [Test worker] INFO  o.s.t.c.t.TransactionContext [ 107] - Began transaction (1) for test context [DefaultTestContext@3791160a testClass = FinancialRecordServiceImplTest, testInstance = com.zerohip.server.financialRecord.service.FinancialRecordServiceImplTest@379df603, testMethod = updateFaRec@FinancialRecordServiceImplTest, testException = [null], mergedContextConfiguration = [WebMergedContextConfiguration@5f510929 testClass = FinancialRecordServiceImplTest, locations = '{}', classes = '{class com.zerohip.server.ServerApplication}', contextInitializerClasses = '[]', activeProfiles = '{}', propertySourceLocations = '{}', propertySourceProperties = '{org.springframework.boot.test.context.SpringBootTestContextBootstrapper=true}', contextCustomizers = set[org.springframework.boot.test.autoconfigure.actuate.metrics.MetricsExportContextCustomizerFactory$DisableMetricExportContextCustomizer@3f91b517, org.springframework.boot.test.autoconfigure.properties.PropertyMappingContextCustomizer@0, org.springframework.boot.test.autoconfigure.web.servlet.WebDriverContextCustomizerFactory$Customizer@7a55af6b, org.springframework.boot.test.context.filter.ExcludeFilterContextCustomizer@8576fa0, org.springframework.boot.test.json.DuplicateJsonObjectContextCustomizerFactory$DuplicateJsonObjectContextCustomizer@3daf7722, org.springframework.boot.test.mock.mockito.MockitoContextCustomizer@0, org.springframework.boot.test.web.client.TestRestTemplateContextCustomizer@1458ed9c, org.springframework.boot.test.context.SpringBootTestArgs@1, org.springframework.boot.test.context.SpringBootTestWebEnvironment@1dac5ef], resourceBasePath = 'src/main/webapp', contextLoader = 'org.springframework.boot.test.context.SpringBootContextLoader', parent = [null]], attributes = map['org.springframework.test.context.web.ServletTestExecutionListener.activateListener' -> true, 'org.springframework.test.context.web.ServletTestExecutionListener.populatedRequestContextHolder' -> true, 'org.springframework.test.context.web.ServletTestExecutionListener.resetRequestContextHolder' -> true, 'org.springframework.test.context.event.ApplicationEventsTestExecutionListener.recordApplicationEvents' -> false]]; transaction manager [org.springframework.orm.jpa.JpaTransactionManager@6075a4ea]; rollback [true]
Hibernate: 
    /* insert com.zerohip.server.financialRecord.entity.FinancialRecord
        */ insert 
        into
            financial_record
            (financial_record_id, financial_record_name, memo) 
        values
            (default, ?, ?)
2023-07-12 17:48:39 [Test worker] INFO  c.z.s.f.s.FinancialRecordServiceImplTest [  94] - saveFaRec.getFinancialRecordName() = test용 가계부
2023-07-12 17:48:39 [Test worker] INFO  c.z.s.f.s.FinancialRecordServiceImplTest [ 102] - updateFaRec.getFinancialRecordName() = 수정된 가계부
2023-07-12 17:48:39 [Test worker] INFO  c.z.s.f.s.FinancialRecordServiceImplTest [ 106] - findFaRec.getFinancialRecordName() = 수정된 가계부
2023-07-12 17:48:39 [Test worker] INFO  o.s.t.c.t.TransactionContext [ 139] - Rolled back transaction for test: [DefaultTestContext@3791160a testClass = FinancialRecordServiceImplTest, testInstance = com.zerohip.server.financialRecord.service.FinancialRecordServiceImplTest@379df603, testMethod = updateFaRec@FinancialRecordServiceImplTest, testException = [null], mergedContextConfiguration = [WebMergedContextConfiguration@5f510929 testClass = FinancialRecordServiceImplTest, locations = '{}', classes = '{class com.zerohip.server.ServerApplication}', contextInitializerClasses = '[]', activeProfiles = '{}', propertySourceLocations = '{}', propertySourceProperties = '{org.springframework.boot.test.context.SpringBootTestContextBootstrapper=true}', contextCustomizers = set[org.springframework.boot.test.autoconfigure.actuate.metrics.MetricsExportContextCustomizerFactory$DisableMetricExportContextCustomizer@3f91b517, org.springframework.boot.test.autoconfigure.properties.PropertyMappingContextCustomizer@0, org.springframework.boot.test.autoconfigure.web.servlet.WebDriverContextCustomizerFactory$Customizer@7a55af6b, org.springframework.boot.test.context.filter.ExcludeFilterContextCustomizer@8576fa0, org.springframework.boot.test.json.DuplicateJsonObjectContextCustomizerFactory$DuplicateJsonObjectContextCustomizer@3daf7722, org.springframework.boot.test.mock.mockito.MockitoContextCustomizer@0, org.springframework.boot.test.web.client.TestRestTemplateContextCustomizer@1458ed9c, org.springframework.boot.test.context.SpringBootTestArgs@1, org.springframework.boot.test.context.SpringBootTestWebEnvironment@1dac5ef], resourceBasePath = 'src/main/webapp', contextLoader = 'org.springframework.boot.test.context.SpringBootContextLoader', parent = [null]], attributes = map['org.springframework.test.context.web.ServletTestExecutionListener.activateListener' -> true, 'org.springframework.test.context.web.ServletTestExecutionListener.populatedRequestContextHolder' -> true, 'org.springframework.test.context.web.ServletTestExecutionListener.resetRequestContextHolder' -> true, 'org.springframework.test.context.event.ApplicationEventsTestExecutionListener.recordApplicationEvents' -> false]]
2023-07-12 17:48:39 [Test worker] INFO  o.s.t.c.t.TransactionContext [ 107] - Began transaction (1) for test context [DefaultTestContext@3791160a testClass = FinancialRecordServiceImplTest, testInstance = com.zerohip.server.financialRecord.service.FinancialRecordServiceImplTest@4c376b44, testMethod = createFaRec@FinancialRecordServiceImplTest, testException = [null], mergedContextConfiguration = [WebMergedContextConfiguration@5f510929 testClass = FinancialRecordServiceImplTest, locations = '{}', classes = '{class com.zerohip.server.ServerApplication}', contextInitializerClasses = '[]', activeProfiles = '{}', propertySourceLocations = '{}', propertySourceProperties = '{org.springframework.boot.test.context.SpringBootTestContextBootstrapper=true}', contextCustomizers = set[org.springframework.boot.test.autoconfigure.actuate.metrics.MetricsExportContextCustomizerFactory$DisableMetricExportContextCustomizer@3f91b517, org.springframework.boot.test.autoconfigure.properties.PropertyMappingContextCustomizer@0, org.springframework.boot.test.autoconfigure.web.servlet.WebDriverContextCustomizerFactory$Customizer@7a55af6b, org.springframework.boot.test.context.filter.ExcludeFilterContextCustomizer@8576fa0, org.springframework.boot.test.json.DuplicateJsonObjectContextCustomizerFactory$DuplicateJsonObjectContextCustomizer@3daf7722, org.springframework.boot.test.mock.mockito.MockitoContextCustomizer@0, org.springframework.boot.test.web.client.TestRestTemplateContextCustomizer@1458ed9c, org.springframework.boot.test.context.SpringBootTestArgs@1, org.springframework.boot.test.context.SpringBootTestWebEnvironment@1dac5ef], resourceBasePath = 'src/main/webapp', contextLoader = 'org.springframework.boot.test.context.SpringBootContextLoader', parent = [null]], attributes = map['org.springframework.test.context.web.ServletTestExecutionListener.activateListener' -> true, 'org.springframework.test.context.web.ServletTestExecutionListener.populatedRequestContextHolder' -> true, 'org.springframework.test.context.web.ServletTestExecutionListener.resetRequestContextHolder' -> true, 'org.springframework.test.context.event.ApplicationEventsTestExecutionListener.recordApplicationEvents' -> false]]; transaction manager [org.springframework.orm.jpa.JpaTransactionManager@6075a4ea]; rollback [true]
Hibernate: 
    /* insert com.zerohip.server.financialRecord.entity.FinancialRecord
        */ insert 
        into
            financial_record
            (financial_record_id, financial_record_name, memo) 
        values
            (default, ?, ?)
2023-07-12 17:48:39 [Test worker] INFO  c.z.s.f.s.FinancialRecordServiceImplTest [  43] - saveFaRec.getFinancialRecordName() = test용 가계부
2023-07-12 17:48:39 [Test worker] INFO  o.s.t.c.t.TransactionContext [ 139] - Rolled back transaction for test: [DefaultTestContext@3791160a testClass = FinancialRecordServiceImplTest, testInstance = com.zerohip.server.financialRecord.service.FinancialRecordServiceImplTest@4c376b44, testMethod = createFaRec@FinancialRecordServiceImplTest, testException = [null], mergedContextConfiguration = [WebMergedContextConfiguration@5f510929 testClass = FinancialRecordServiceImplTest, locations = '{}', classes = '{class com.zerohip.server.ServerApplication}', contextInitializerClasses = '[]', activeProfiles = '{}', propertySourceLocations = '{}', propertySourceProperties = '{org.springframework.boot.test.context.SpringBootTestContextBootstrapper=true}', contextCustomizers = set[org.springframework.boot.test.autoconfigure.actuate.metrics.MetricsExportContextCustomizerFactory$DisableMetricExportContextCustomizer@3f91b517, org.springframework.boot.test.autoconfigure.properties.PropertyMappingContextCustomizer@0, org.springframework.boot.test.autoconfigure.web.servlet.WebDriverContextCustomizerFactory$Customizer@7a55af6b, org.springframework.boot.test.context.filter.ExcludeFilterContextCustomizer@8576fa0, org.springframework.boot.test.json.DuplicateJsonObjectContextCustomizerFactory$DuplicateJsonObjectContextCustomizer@3daf7722, org.springframework.boot.test.mock.mockito.MockitoContextCustomizer@0, org.springframework.boot.test.web.client.TestRestTemplateContextCustomizer@1458ed9c, org.springframework.boot.test.context.SpringBootTestArgs@1, org.springframework.boot.test.context.SpringBootTestWebEnvironment@1dac5ef], resourceBasePath = 'src/main/webapp', contextLoader = 'org.springframework.boot.test.context.SpringBootContextLoader', parent = [null]], attributes = map['org.springframework.test.context.web.ServletTestExecutionListener.activateListener' -> true, 'org.springframework.test.context.web.ServletTestExecutionListener.populatedRequestContextHolder' -> true, 'org.springframework.test.context.web.ServletTestExecutionListener.resetRequestContextHolder' -> true, 'org.springframework.test.context.event.ApplicationEventsTestExecutionListener.recordApplicationEvents' -> false]]
2023-07-12 17:48:39 [Test worker] INFO  o.s.t.c.t.TransactionContext [ 107] - Began transaction (1) for test context [DefaultTestContext@3791160a testClass = FinancialRecordServiceImplTest, testInstance = com.zerohip.server.financialRecord.service.FinancialRecordServiceImplTest@3f36c191, testMethod = findFaRecs@FinancialRecordServiceImplTest, testException = [null], mergedContextConfiguration = [WebMergedContextConfiguration@5f510929 testClass = FinancialRecordServiceImplTest, locations = '{}', classes = '{class com.zerohip.server.ServerApplication}', contextInitializerClasses = '[]', activeProfiles = '{}', propertySourceLocations = '{}', propertySourceProperties = '{org.springframework.boot.test.context.SpringBootTestContextBootstrapper=true}', contextCustomizers = set[org.springframework.boot.test.autoconfigure.actuate.metrics.MetricsExportContextCustomizerFactory$DisableMetricExportContextCustomizer@3f91b517, org.springframework.boot.test.autoconfigure.properties.PropertyMappingContextCustomizer@0, org.springframework.boot.test.autoconfigure.web.servlet.WebDriverContextCustomizerFactory$Customizer@7a55af6b, org.springframework.boot.test.context.filter.ExcludeFilterContextCustomizer@8576fa0, org.springframework.boot.test.json.DuplicateJsonObjectContextCustomizerFactory$DuplicateJsonObjectContextCustomizer@3daf7722, org.springframework.boot.test.mock.mockito.MockitoContextCustomizer@0, org.springframework.boot.test.web.client.TestRestTemplateContextCustomizer@1458ed9c, org.springframework.boot.test.context.SpringBootTestArgs@1, org.springframework.boot.test.context.SpringBootTestWebEnvironment@1dac5ef], resourceBasePath = 'src/main/webapp', contextLoader = 'org.springframework.boot.test.context.SpringBootContextLoader', parent = [null]], attributes = map['org.springframework.test.context.web.ServletTestExecutionListener.activateListener' -> true, 'org.springframework.test.context.web.ServletTestExecutionListener.populatedRequestContextHolder' -> true, 'org.springframework.test.context.web.ServletTestExecutionListener.resetRequestContextHolder' -> true, 'org.springframework.test.context.event.ApplicationEventsTestExecutionListener.recordApplicationEvents' -> false]]; transaction manager [org.springframework.orm.jpa.JpaTransactionManager@6075a4ea]; rollback [true]
Hibernate: 
    /* insert com.zerohip.server.financialRecord.entity.FinancialRecord
        */ insert 
        into
            financial_record
            (financial_record_id, financial_record_name, memo) 
        values
            (default, ?, ?)
Hibernate: 
    /* insert com.zerohip.server.financialRecord.entity.FinancialRecord
        */ insert 
        into
            financial_record
            (financial_record_id, financial_record_name, memo) 
        values
            (default, ?, ?)
2023-07-12 17:48:39 [Test worker] INFO  c.z.s.f.s.FinancialRecordServiceImplTest [  73] - saveFaRec1.getFinancialRecordName() = test용 가계부
2023-07-12 17:48:39 [Test worker] INFO  c.z.s.f.s.FinancialRecordServiceImplTest [  74] - saveFaRec2.getFinancialRecordName() = test용 가계부2
Hibernate: 
    /* select
        generatedAlias0 
    from
        FinancialRecord as generatedAlias0 */ select
            financialr0_.financial_record_id as financia1_0_,
            financialr0_.financial_record_name as financia2_0_,
            financialr0_.memo as memo3_0_ 
        from
            financial_record financialr0_
2023-07-12 17:48:39 [Test worker] INFO  o.s.t.c.t.TransactionContext [ 139] - Rolled back transaction for test: [DefaultTestContext@3791160a testClass = FinancialRecordServiceImplTest, testInstance = com.zerohip.server.financialRecord.service.FinancialRecordServiceImplTest@3f36c191, testMethod = findFaRecs@FinancialRecordServiceImplTest, testException = [null], mergedContextConfiguration = [WebMergedContextConfiguration@5f510929 testClass = FinancialRecordServiceImplTest, locations = '{}', classes = '{class com.zerohip.server.ServerApplication}', contextInitializerClasses = '[]', activeProfiles = '{}', propertySourceLocations = '{}', propertySourceProperties = '{org.springframework.boot.test.context.SpringBootTestContextBootstrapper=true}', contextCustomizers = set[org.springframework.boot.test.autoconfigure.actuate.metrics.MetricsExportContextCustomizerFactory$DisableMetricExportContextCustomizer@3f91b517, org.springframework.boot.test.autoconfigure.properties.PropertyMappingContextCustomizer@0, org.springframework.boot.test.autoconfigure.web.servlet.WebDriverContextCustomizerFactory$Customizer@7a55af6b, org.springframework.boot.test.context.filter.ExcludeFilterContextCustomizer@8576fa0, org.springframework.boot.test.json.DuplicateJsonObjectContextCustomizerFactory$DuplicateJsonObjectContextCustomizer@3daf7722, org.springframework.boot.test.mock.mockito.MockitoContextCustomizer@0, org.springframework.boot.test.web.client.TestRestTemplateContextCustomizer@1458ed9c, org.springframework.boot.test.context.SpringBootTestArgs@1, org.springframework.boot.test.context.SpringBootTestWebEnvironment@1dac5ef], resourceBasePath = 'src/main/webapp', contextLoader = 'org.springframework.boot.test.context.SpringBootContextLoader', parent = [null]], attributes = map['org.springframework.test.context.web.ServletTestExecutionListener.activateListener' -> true, 'org.springframework.test.context.web.ServletTestExecutionListener.populatedRequestContextHolder' -> true, 'org.springframework.test.context.web.ServletTestExecutionListener.resetRequestContextHolder' -> true, 'org.springframework.test.context.event.ApplicationEventsTestExecutionListener.recordApplicationEvents' -> false]]
2023-07-12 17:48:39 [Test worker] INFO  o.s.t.c.t.TransactionContext [ 107] - Began transaction (1) for test context [DefaultTestContext@3791160a testClass = FinancialRecordServiceImplTest, testInstance = com.zerohip.server.financialRecord.service.FinancialRecordServiceImplTest@501956f9, testMethod = findFaRec@FinancialRecordServiceImplTest, testException = [null], mergedContextConfiguration = [WebMergedContextConfiguration@5f510929 testClass = FinancialRecordServiceImplTest, locations = '{}', classes = '{class com.zerohip.server.ServerApplication}', contextInitializerClasses = '[]', activeProfiles = '{}', propertySourceLocations = '{}', propertySourceProperties = '{org.springframework.boot.test.context.SpringBootTestContextBootstrapper=true}', contextCustomizers = set[org.springframework.boot.test.autoconfigure.actuate.metrics.MetricsExportContextCustomizerFactory$DisableMetricExportContextCustomizer@3f91b517, org.springframework.boot.test.autoconfigure.properties.PropertyMappingContextCustomizer@0, org.springframework.boot.test.autoconfigure.web.servlet.WebDriverContextCustomizerFactory$Customizer@7a55af6b, org.springframework.boot.test.context.filter.ExcludeFilterContextCustomizer@8576fa0, org.springframework.boot.test.json.DuplicateJsonObjectContextCustomizerFactory$DuplicateJsonObjectContextCustomizer@3daf7722, org.springframework.boot.test.mock.mockito.MockitoContextCustomizer@0, org.springframework.boot.test.web.client.TestRestTemplateContextCustomizer@1458ed9c, org.springframework.boot.test.context.SpringBootTestArgs@1, org.springframework.boot.test.context.SpringBootTestWebEnvironment@1dac5ef], resourceBasePath = 'src/main/webapp', contextLoader = 'org.springframework.boot.test.context.SpringBootContextLoader', parent = [null]], attributes = map['org.springframework.test.context.web.ServletTestExecutionListener.activateListener' -> true, 'org.springframework.test.context.web.ServletTestExecutionListener.populatedRequestContextHolder' -> true, 'org.springframework.test.context.web.ServletTestExecutionListener.resetRequestContextHolder' -> true, 'org.springframework.test.context.event.ApplicationEventsTestExecutionListener.recordApplicationEvents' -> false]]; transaction manager [org.springframework.orm.jpa.JpaTransactionManager@6075a4ea]; rollback [true]
Hibernate: 
    /* insert com.zerohip.server.financialRecord.entity.FinancialRecord
        */ insert 
        into
            financial_record
            (financial_record_id, financial_record_name, memo) 
        values
            (default, ?, ?)
2023-07-12 17:48:39 [Test worker] INFO  c.z.s.f.s.FinancialRecordServiceImplTest [  54] - saveFaRec.getFinancialRecordName() = test용 가계부
2023-07-12 17:48:39 [Test worker] INFO  c.z.s.f.s.FinancialRecordServiceImplTest [  58] - findFaRec.getFinancialRecordName() = test용 가계부
2023-07-12 17:48:39 [Test worker] INFO  o.s.t.c.t.TransactionContext [ 139] - Rolled back transaction for test: [DefaultTestContext@3791160a testClass = FinancialRecordServiceImplTest, testInstance = com.zerohip.server.financialRecord.service.FinancialRecordServiceImplTest@501956f9, testMethod = findFaRec@FinancialRecordServiceImplTest, testException = [null], mergedContextConfiguration = [WebMergedContextConfiguration@5f510929 testClass = FinancialRecordServiceImplTest, locations = '{}', classes = '{class com.zerohip.server.ServerApplication}', contextInitializerClasses = '[]', activeProfiles = '{}', propertySourceLocations = '{}', propertySourceProperties = '{org.springframework.boot.test.context.SpringBootTestContextBootstrapper=true}', contextCustomizers = set[org.springframework.boot.test.autoconfigure.actuate.metrics.MetricsExportContextCustomizerFactory$DisableMetricExportContextCustomizer@3f91b517, org.springframework.boot.test.autoconfigure.properties.PropertyMappingContextCustomizer@0, org.springframework.boot.test.autoconfigure.web.servlet.WebDriverContextCustomizerFactory$Customizer@7a55af6b, org.springframework.boot.test.context.filter.ExcludeFilterContextCustomizer@8576fa0, org.springframework.boot.test.json.DuplicateJsonObjectContextCustomizerFactory$DuplicateJsonObjectContextCustomizer@3daf7722, org.springframework.boot.test.mock.mockito.MockitoContextCustomizer@0, org.springframework.boot.test.web.client.TestRestTemplateContextCustomizer@1458ed9c, org.springframework.boot.test.context.SpringBootTestArgs@1, org.springframework.boot.test.context.SpringBootTestWebEnvironment@1dac5ef], resourceBasePath = 'src/main/webapp', contextLoader = 'org.springframework.boot.test.context.SpringBootContextLoader', parent = [null]], attributes = map['org.springframework.test.context.web.ServletTestExecutionListener.activateListener' -> true, 'org.springframework.test.context.web.ServletTestExecutionListener.populatedRequestContextHolder' -> true, 'org.springframework.test.context.web.ServletTestExecutionListener.resetRequestContextHolder' -> true, 'org.springframework.test.context.event.ApplicationEventsTestExecutionListener.recordApplicationEvents' -> false]]
]]></system-out>
  <system-err><![CDATA[]]></system-err>
</testsuite>
