<?xml version="1.0" encoding="UTF-8"?>
<testsuite name="com.zerohip.server.financialRecordArticle.repository.FinancialRecordArticleRepositoryTest" tests="5" skipped="0" failures="0" errors="0" timestamp="2023-07-10T00:13:42" hostname="seojaegon-ui-MacBookPro-2.local" time="0.239">
  <properties/>
  <testcase name="가계부 기록 삭제" classname="com.zerohip.server.financialRecordArticle.repository.FinancialRecordArticleRepositoryTest" time="0.126"/>
  <testcase name="가계부 기록 조회(전체)" classname="com.zerohip.server.financialRecordArticle.repository.FinancialRecordArticleRepositoryTest" time="0.094"/>
  <testcase name="가계부 기록 수정" classname="com.zerohip.server.financialRecordArticle.repository.FinancialRecordArticleRepositoryTest" time="0.007"/>
  <testcase name="가계부 기록 조회(단건)" classname="com.zerohip.server.financialRecordArticle.repository.FinancialRecordArticleRepositoryTest" time="0.004"/>
  <testcase name="가계부 기록 생성" classname="com.zerohip.server.financialRecordArticle.repository.FinancialRecordArticleRepositoryTest" time="0.004"/>
  <system-out><![CDATA[09:13:40.485 [Test worker] DEBUG org.springframework.test.context.BootstrapUtils - Instantiating CacheAwareContextLoaderDelegate from class [org.springframework.test.context.cache.DefaultCacheAwareContextLoaderDelegate]
09:13:40.489 [Test worker] DEBUG org.springframework.test.context.BootstrapUtils - Instantiating BootstrapContext using constructor [public org.springframework.test.context.support.DefaultBootstrapContext(java.lang.Class,org.springframework.test.context.CacheAwareContextLoaderDelegate)]
09:13:40.505 [Test worker] DEBUG org.springframework.test.context.BootstrapUtils - Instantiating TestContextBootstrapper for test class [com.zerohip.server.financialRecordArticle.repository.FinancialRecordArticleRepositoryTest] from class [org.springframework.boot.test.context.SpringBootTestContextBootstrapper]
09:13:40.510 [Test worker] INFO org.springframework.boot.test.context.SpringBootTestContextBootstrapper - Neither @ContextConfiguration nor @ContextHierarchy found for test class [com.zerohip.server.financialRecordArticle.repository.FinancialRecordArticleRepositoryTest], using SpringBootContextLoader
09:13:40.512 [Test worker] DEBUG org.springframework.test.context.support.AbstractContextLoader - Did not detect default resource location for test class [com.zerohip.server.financialRecordArticle.repository.FinancialRecordArticleRepositoryTest]: class path resource [com/zerohip/server/financialRecordArticle/repository/FinancialRecordArticleRepositoryTest-context.xml] does not exist
09:13:40.512 [Test worker] DEBUG org.springframework.test.context.support.AbstractContextLoader - Did not detect default resource location for test class [com.zerohip.server.financialRecordArticle.repository.FinancialRecordArticleRepositoryTest]: class path resource [com/zerohip/server/financialRecordArticle/repository/FinancialRecordArticleRepositoryTestContext.groovy] does not exist
09:13:40.512 [Test worker] INFO org.springframework.test.context.support.AbstractContextLoader - Could not detect default resource locations for test class [com.zerohip.server.financialRecordArticle.repository.FinancialRecordArticleRepositoryTest]: no resource found for suffixes {-context.xml, Context.groovy}.
09:13:40.512 [Test worker] INFO org.springframework.test.context.support.AnnotationConfigContextLoaderUtils - Could not detect default configuration classes for test class [com.zerohip.server.financialRecordArticle.repository.FinancialRecordArticleRepositoryTest]: FinancialRecordArticleRepositoryTest does not declare any static, non-private, non-final, nested classes annotated with @Configuration.
09:13:40.529 [Test worker] DEBUG org.springframework.test.context.support.ActiveProfilesUtils - Could not find an 'annotation declaring class' for annotation type [org.springframework.test.context.ActiveProfiles] and class [com.zerohip.server.financialRecordArticle.repository.FinancialRecordArticleRepositoryTest]
09:13:40.558 [Test worker] DEBUG org.springframework.context.annotation.ClassPathScanningCandidateComponentProvider - Identified candidate component class: file [/Users/seojaegon/Web/seb44_main_016/server/build/classes/java/main/com/zerohip/server/ServerApplication.class]
09:13:40.558 [Test worker] INFO org.springframework.boot.test.context.SpringBootTestContextBootstrapper - Found @SpringBootConfiguration com.zerohip.server.ServerApplication for test class com.zerohip.server.financialRecordArticle.repository.FinancialRecordArticleRepositoryTest
09:13:40.592 [Test worker] DEBUG org.springframework.boot.test.context.SpringBootTestContextBootstrapper - @TestExecutionListeners is not present for class [com.zerohip.server.financialRecordArticle.repository.FinancialRecordArticleRepositoryTest]: using defaults.
09:13:40.592 [Test worker] INFO org.springframework.boot.test.context.SpringBootTestContextBootstrapper - Loaded default TestExecutionListener class names from location [META-INF/spring.factories]: [org.springframework.boot.test.autoconfigure.restdocs.RestDocsTestExecutionListener, org.springframework.boot.test.autoconfigure.web.client.MockRestServiceServerResetTestExecutionListener, org.springframework.boot.test.autoconfigure.web.servlet.MockMvcPrintOnlyOnFailureTestExecutionListener, org.springframework.boot.test.autoconfigure.web.servlet.WebDriverTestExecutionListener, org.springframework.boot.test.autoconfigure.webservices.client.MockWebServiceServerTestExecutionListener, org.springframework.boot.test.mock.mockito.MockitoTestExecutionListener, org.springframework.boot.test.mock.mockito.ResetMocksTestExecutionListener, org.springframework.test.context.web.ServletTestExecutionListener, org.springframework.test.context.support.DirtiesContextBeforeModesTestExecutionListener, org.springframework.test.context.event.ApplicationEventsTestExecutionListener, org.springframework.test.context.support.DependencyInjectionTestExecutionListener, org.springframework.test.context.support.DirtiesContextTestExecutionListener, org.springframework.test.context.transaction.TransactionalTestExecutionListener, org.springframework.test.context.jdbc.SqlScriptsTestExecutionListener, org.springframework.test.context.event.EventPublishingTestExecutionListener]
09:13:40.600 [Test worker] INFO org.springframework.boot.test.context.SpringBootTestContextBootstrapper - Using TestExecutionListeners: [org.springframework.test.context.web.ServletTestExecutionListener@5b04476e, org.springframework.test.context.support.DirtiesContextBeforeModesTestExecutionListener@5ad10c1a, org.springframework.test.context.event.ApplicationEventsTestExecutionListener@6bb75258, org.springframework.boot.test.mock.mockito.MockitoTestExecutionListener@c260bdc, org.springframework.boot.test.autoconfigure.SpringBootDependencyInjectionTestExecutionListener@75e01201, org.springframework.test.context.support.DirtiesContextTestExecutionListener@2783717b, org.springframework.test.context.transaction.TransactionalTestExecutionListener@76f7d241, org.springframework.test.context.jdbc.SqlScriptsTestExecutionListener@4a335fa8, org.springframework.test.context.event.EventPublishingTestExecutionListener@3f363cf5, org.springframework.boot.test.autoconfigure.restdocs.RestDocsTestExecutionListener@3829ac1, org.springframework.boot.test.autoconfigure.web.client.MockRestServiceServerResetTestExecutionListener@4baf352a, org.springframework.boot.test.autoconfigure.web.servlet.MockMvcPrintOnlyOnFailureTestExecutionListener@1bb1fde8, org.springframework.boot.test.autoconfigure.web.servlet.WebDriverTestExecutionListener@15eebbff, org.springframework.boot.test.autoconfigure.webservices.client.MockWebServiceServerTestExecutionListener@22d6f11, org.springframework.boot.test.mock.mockito.ResetMocksTestExecutionListener@30990c1b]
09:13:40.601 [Test worker] DEBUG org.springframework.test.context.support.AbstractDirtiesContextTestExecutionListener - Before test class: context [DefaultTestContext@26a4842b testClass = FinancialRecordArticleRepositoryTest, testInstance = [null], testMethod = [null], testException = [null], mergedContextConfiguration = [WebMergedContextConfiguration@7e38a7fe testClass = FinancialRecordArticleRepositoryTest, locations = '{}', classes = '{class com.zerohip.server.ServerApplication}', contextInitializerClasses = '[]', activeProfiles = '{}', propertySourceLocations = '{}', propertySourceProperties = '{org.springframework.boot.test.context.SpringBootTestContextBootstrapper=true}', contextCustomizers = set[org.springframework.boot.test.autoconfigure.actuate.metrics.MetricsExportContextCustomizerFactory$DisableMetricExportContextCustomizer@6c2c1385, org.springframework.boot.test.autoconfigure.properties.PropertyMappingContextCustomizer@0, org.springframework.boot.test.autoconfigure.web.servlet.WebDriverContextCustomizerFactory$Customizer@60856961, org.springframework.boot.test.context.filter.ExcludeFilterContextCustomizer@3abada5a, org.springframework.boot.test.json.DuplicateJsonObjectContextCustomizerFactory$DuplicateJsonObjectContextCustomizer@3adcc812, org.springframework.boot.test.mock.mockito.MockitoContextCustomizer@0, org.springframework.boot.test.web.client.TestRestTemplateContextCustomizer@39de3d36, org.springframework.boot.test.context.SpringBootTestArgs@1, org.springframework.boot.test.context.SpringBootTestWebEnvironment@32910148], resourceBasePath = 'src/main/webapp', contextLoader = 'org.springframework.boot.test.context.SpringBootContextLoader', parent = [null]], attributes = map['org.springframework.test.context.web.ServletTestExecutionListener.activateListener' -> true]], class annotated with @DirtiesContext [false] with mode [null].

  .   ____          _            __ _ _
 /\\ / ___'_ __ _ _(_)_ __  __ _ \ \ \ \
( ( )\___ | '_ | '_| | '_ \/ _` | \ \ \ \
 \\/  ___)| |_)| | | | | || (_| |  ) ) ) )
  '  |____| .__|_| |_|_| |_\__, | / / / /
 =========|_|==============|___/=/_/_/_/
 :: Spring Boot ::               (v2.7.13)

2023-07-10 09:13:40 [Test worker] INFO  c.z.s.f.r.FinancialRecordArticleRepositoryTest [  55] - Starting FinancialRecordArticleRepositoryTest using Java 17.0.7 on seojaegon-ui-MacBookPro-2.local with PID 19043 (started by seojaegon in /Users/seojaegon/Web/seb44_main_016/server)
2023-07-10 09:13:40 [Test worker] INFO  c.z.s.f.r.FinancialRecordArticleRepositoryTest [ 637] - The following 1 profile is active: "local"
2023-07-10 09:13:41 [Test worker] INFO  o.s.d.r.c.RepositoryConfigurationDelegate [ 132] - Bootstrapping Spring Data JPA repositories in DEFAULT mode.
2023-07-10 09:13:41 [Test worker] INFO  o.s.d.r.c.RepositoryConfigurationDelegate [ 201] - Finished Spring Data repository scanning in 24 ms. Found 2 JPA repository interfaces.
2023-07-10 09:13:41 [Test worker] INFO  o.h.jpa.internal.util.LogHelper [  31] - HHH000204: Processing PersistenceUnitInfo [name: default]
2023-07-10 09:13:41 [Test worker] INFO  org.hibernate.Version [  44] - HHH000412: Hibernate ORM core version 5.6.15.Final
2023-07-10 09:13:41 [Test worker] INFO  o.h.annotations.common.Version [  56] - HCANN000001: Hibernate Commons Annotations {5.1.2.Final}
2023-07-10 09:13:41 [Test worker] INFO  com.zaxxer.hikari.HikariDataSource [ 110] - HikariPool-1 - Starting...
2023-07-10 09:13:41 [Test worker] INFO  com.zaxxer.hikari.HikariDataSource [ 123] - HikariPool-1 - Start completed.
2023-07-10 09:13:41 [Test worker] INFO  org.hibernate.dialect.Dialect [ 175] - HHH000400: Using dialect: org.hibernate.dialect.H2Dialect
Hibernate: 
    
    drop table if exists financial_record CASCADE 
Hibernate: 
    
    drop table if exists financial_record_article CASCADE 
Hibernate: 
    
    create table financial_record (
       financial_record_id bigint generated by default as identity,
        financial_record_name varchar(30) not null,
        primary key (financial_record_id)
    )
Hibernate: 
    
    create table financial_record_article (
       financial_record_article_id bigint generated by default as identity,
        category varchar(10) not null,
        content varchar(10000),
        fa_date timestamp not null,
        price integer not null,
        scope varchar(255) not null,
        title varchar(30),
        financial_record_id bigint,
        primary key (financial_record_article_id)
    )
Hibernate: 
    
    alter table financial_record_article 
       add constraint FK14hcawsmxw1gqxdgewfdvfxgo 
       foreign key (financial_record_id) 
       references financial_record
2023-07-10 09:13:42 [Test worker] INFO  o.h.e.t.j.p.i.JtaPlatformInitiator [  52] - HHH000490: Using JtaPlatform implementation: [org.hibernate.engine.transaction.jta.platform.internal.NoJtaPlatform]
2023-07-10 09:13:42 [Test worker] INFO  o.s.o.j.LocalContainerEntityManagerFactoryBean [ 437] - Initialized JPA EntityManagerFactory for persistence unit 'default'
2023-07-10 09:13:42 [Test worker] WARN  o.s.b.a.o.j.JpaBaseConfiguration$JpaWebConfiguration [ 223] - spring.jpa.open-in-view is enabled by default. Therefore, database queries may be performed during view rendering. Explicitly configure spring.jpa.open-in-view to disable this warning
2023-07-10 09:13:42 [Test worker] INFO  o.s.b.a.h.H2ConsoleAutoConfiguration [  98] - H2 console available at '/h2'. Database available at 'jdbc:h2:mem:test'
2023-07-10 09:13:42 [Test worker] INFO  c.z.s.f.r.FinancialRecordArticleRepositoryTest [  61] - Started FinancialRecordArticleRepositoryTest in 1.938 seconds (JVM running for 2.428)
2023-07-10 09:13:42 [Test worker] INFO  o.s.t.c.t.TransactionContext [ 107] - Began transaction (1) for test context [DefaultTestContext@26a4842b testClass = FinancialRecordArticleRepositoryTest, testInstance = com.zerohip.server.financialRecordArticle.repository.FinancialRecordArticleRepositoryTest@2dd4a7a9, testMethod = delete@FinancialRecordArticleRepositoryTest, testException = [null], mergedContextConfiguration = [WebMergedContextConfiguration@7e38a7fe testClass = FinancialRecordArticleRepositoryTest, locations = '{}', classes = '{class com.zerohip.server.ServerApplication}', contextInitializerClasses = '[]', activeProfiles = '{}', propertySourceLocations = '{}', propertySourceProperties = '{org.springframework.boot.test.context.SpringBootTestContextBootstrapper=true}', contextCustomizers = set[org.springframework.boot.test.autoconfigure.actuate.metrics.MetricsExportContextCustomizerFactory$DisableMetricExportContextCustomizer@6c2c1385, org.springframework.boot.test.autoconfigure.properties.PropertyMappingContextCustomizer@0, org.springframework.boot.test.autoconfigure.web.servlet.WebDriverContextCustomizerFactory$Customizer@60856961, org.springframework.boot.test.context.filter.ExcludeFilterContextCustomizer@3abada5a, org.springframework.boot.test.json.DuplicateJsonObjectContextCustomizerFactory$DuplicateJsonObjectContextCustomizer@3adcc812, org.springframework.boot.test.mock.mockito.MockitoContextCustomizer@0, org.springframework.boot.test.web.client.TestRestTemplateContextCustomizer@39de3d36, org.springframework.boot.test.context.SpringBootTestArgs@1, org.springframework.boot.test.context.SpringBootTestWebEnvironment@32910148], resourceBasePath = 'src/main/webapp', contextLoader = 'org.springframework.boot.test.context.SpringBootContextLoader', parent = [null]], attributes = map['org.springframework.test.context.web.ServletTestExecutionListener.activateListener' -> true, 'org.springframework.test.context.web.ServletTestExecutionListener.populatedRequestContextHolder' -> true, 'org.springframework.test.context.web.ServletTestExecutionListener.resetRequestContextHolder' -> true, 'org.springframework.test.context.event.ApplicationEventsTestExecutionListener.recordApplicationEvents' -> false]]; transaction manager [org.springframework.orm.jpa.JpaTransactionManager@7be1e187]; rollback [true]
2023-07-10 09:13:42 [Test worker] INFO  c.z.s.f.r.FinancialRecordArticleRepositoryTest [  35] - A new FinancialRecordArticle has been set up with ID: null
Hibernate: 
    /* insert com.zerohip.server.financialRecordArticle.entity.FinancialRecordArticle
        */ insert 
        into
            financial_record_article
            (financial_record_article_id, category, content, fa_date, financial_record_id, price, scope, title) 
        values
            (default, ?, ?, ?, ?, ?, ?, ?)
2023-07-10 09:13:42 [Test worker] INFO  o.s.t.c.t.TransactionContext [ 139] - Rolled back transaction for test: [DefaultTestContext@26a4842b testClass = FinancialRecordArticleRepositoryTest, testInstance = com.zerohip.server.financialRecordArticle.repository.FinancialRecordArticleRepositoryTest@2dd4a7a9, testMethod = delete@FinancialRecordArticleRepositoryTest, testException = [null], mergedContextConfiguration = [WebMergedContextConfiguration@7e38a7fe testClass = FinancialRecordArticleRepositoryTest, locations = '{}', classes = '{class com.zerohip.server.ServerApplication}', contextInitializerClasses = '[]', activeProfiles = '{}', propertySourceLocations = '{}', propertySourceProperties = '{org.springframework.boot.test.context.SpringBootTestContextBootstrapper=true}', contextCustomizers = set[org.springframework.boot.test.autoconfigure.actuate.metrics.MetricsExportContextCustomizerFactory$DisableMetricExportContextCustomizer@6c2c1385, org.springframework.boot.test.autoconfigure.properties.PropertyMappingContextCustomizer@0, org.springframework.boot.test.autoconfigure.web.servlet.WebDriverContextCustomizerFactory$Customizer@60856961, org.springframework.boot.test.context.filter.ExcludeFilterContextCustomizer@3abada5a, org.springframework.boot.test.json.DuplicateJsonObjectContextCustomizerFactory$DuplicateJsonObjectContextCustomizer@3adcc812, org.springframework.boot.test.mock.mockito.MockitoContextCustomizer@0, org.springframework.boot.test.web.client.TestRestTemplateContextCustomizer@39de3d36, org.springframework.boot.test.context.SpringBootTestArgs@1, org.springframework.boot.test.context.SpringBootTestWebEnvironment@32910148], resourceBasePath = 'src/main/webapp', contextLoader = 'org.springframework.boot.test.context.SpringBootContextLoader', parent = [null]], attributes = map['org.springframework.test.context.web.ServletTestExecutionListener.activateListener' -> true, 'org.springframework.test.context.web.ServletTestExecutionListener.populatedRequestContextHolder' -> true, 'org.springframework.test.context.web.ServletTestExecutionListener.resetRequestContextHolder' -> true, 'org.springframework.test.context.event.ApplicationEventsTestExecutionListener.recordApplicationEvents' -> false]]
2023-07-10 09:13:42 [Test worker] INFO  o.s.t.c.t.TransactionContext [ 107] - Began transaction (1) for test context [DefaultTestContext@26a4842b testClass = FinancialRecordArticleRepositoryTest, testInstance = com.zerohip.server.financialRecordArticle.repository.FinancialRecordArticleRepositoryTest@390978, testMethod = findAll@FinancialRecordArticleRepositoryTest, testException = [null], mergedContextConfiguration = [WebMergedContextConfiguration@7e38a7fe testClass = FinancialRecordArticleRepositoryTest, locations = '{}', classes = '{class com.zerohip.server.ServerApplication}', contextInitializerClasses = '[]', activeProfiles = '{}', propertySourceLocations = '{}', propertySourceProperties = '{org.springframework.boot.test.context.SpringBootTestContextBootstrapper=true}', contextCustomizers = set[org.springframework.boot.test.autoconfigure.actuate.metrics.MetricsExportContextCustomizerFactory$DisableMetricExportContextCustomizer@6c2c1385, org.springframework.boot.test.autoconfigure.properties.PropertyMappingContextCustomizer@0, org.springframework.boot.test.autoconfigure.web.servlet.WebDriverContextCustomizerFactory$Customizer@60856961, org.springframework.boot.test.context.filter.ExcludeFilterContextCustomizer@3abada5a, org.springframework.boot.test.json.DuplicateJsonObjectContextCustomizerFactory$DuplicateJsonObjectContextCustomizer@3adcc812, org.springframework.boot.test.mock.mockito.MockitoContextCustomizer@0, org.springframework.boot.test.web.client.TestRestTemplateContextCustomizer@39de3d36, org.springframework.boot.test.context.SpringBootTestArgs@1, org.springframework.boot.test.context.SpringBootTestWebEnvironment@32910148], resourceBasePath = 'src/main/webapp', contextLoader = 'org.springframework.boot.test.context.SpringBootContextLoader', parent = [null]], attributes = map['org.springframework.test.context.web.ServletTestExecutionListener.activateListener' -> true, 'org.springframework.test.context.web.ServletTestExecutionListener.populatedRequestContextHolder' -> true, 'org.springframework.test.context.web.ServletTestExecutionListener.resetRequestContextHolder' -> true, 'org.springframework.test.context.event.ApplicationEventsTestExecutionListener.recordApplicationEvents' -> false]]; transaction manager [org.springframework.orm.jpa.JpaTransactionManager@7be1e187]; rollback [true]
2023-07-10 09:13:42 [Test worker] INFO  c.z.s.f.r.FinancialRecordArticleRepositoryTest [  35] - A new FinancialRecordArticle has been set up with ID: null
Hibernate: 
    /* insert com.zerohip.server.financialRecordArticle.entity.FinancialRecordArticle
        */ insert 
        into
            financial_record_article
            (financial_record_article_id, category, content, fa_date, financial_record_id, price, scope, title) 
        values
            (default, ?, ?, ?, ?, ?, ?, ?)
2023-07-10 09:13:42 [Test worker] INFO  c.z.s.f.r.FinancialRecordArticleRepositoryTest [  84] - saveFaRecArticle.getTitle() = test title
Hibernate: 
    /* insert com.zerohip.server.financialRecordArticle.entity.FinancialRecordArticle
        */ insert 
        into
            financial_record_article
            (financial_record_article_id, category, content, fa_date, financial_record_id, price, scope, title) 
        values
            (default, ?, ?, ?, ?, ?, ?, ?)
2023-07-10 09:13:42 [Test worker] INFO  c.z.s.f.r.FinancialRecordArticleRepositoryTest [  89] - saveFaRecArticle1.getId() = 2
2023-07-10 09:13:42 [Test worker] INFO  c.z.s.f.r.FinancialRecordArticleRepositoryTest [  90] - saveFaRecArticle2.getId() = 3
Hibernate: 
    /* select
        generatedAlias0 
    from
        FinancialRecordArticle as generatedAlias0 */ select
            financialr0_.financial_record_article_id as financia1_1_,
            financialr0_.category as category2_1_,
            financialr0_.content as content3_1_,
            financialr0_.fa_date as fa_date4_1_,
            financialr0_.financial_record_id as financia8_1_,
            financialr0_.price as price5_1_,
            financialr0_.scope as scope6_1_,
            financialr0_.title as title7_1_ 
        from
            financial_record_article financialr0_
2023-07-10 09:13:42 [Test worker] INFO  o.s.t.c.t.TransactionContext [ 139] - Rolled back transaction for test: [DefaultTestContext@26a4842b testClass = FinancialRecordArticleRepositoryTest, testInstance = com.zerohip.server.financialRecordArticle.repository.FinancialRecordArticleRepositoryTest@390978, testMethod = findAll@FinancialRecordArticleRepositoryTest, testException = [null], mergedContextConfiguration = [WebMergedContextConfiguration@7e38a7fe testClass = FinancialRecordArticleRepositoryTest, locations = '{}', classes = '{class com.zerohip.server.ServerApplication}', contextInitializerClasses = '[]', activeProfiles = '{}', propertySourceLocations = '{}', propertySourceProperties = '{org.springframework.boot.test.context.SpringBootTestContextBootstrapper=true}', contextCustomizers = set[org.springframework.boot.test.autoconfigure.actuate.metrics.MetricsExportContextCustomizerFactory$DisableMetricExportContextCustomizer@6c2c1385, org.springframework.boot.test.autoconfigure.properties.PropertyMappingContextCustomizer@0, org.springframework.boot.test.autoconfigure.web.servlet.WebDriverContextCustomizerFactory$Customizer@60856961, org.springframework.boot.test.context.filter.ExcludeFilterContextCustomizer@3abada5a, org.springframework.boot.test.json.DuplicateJsonObjectContextCustomizerFactory$DuplicateJsonObjectContextCustomizer@3adcc812, org.springframework.boot.test.mock.mockito.MockitoContextCustomizer@0, org.springframework.boot.test.web.client.TestRestTemplateContextCustomizer@39de3d36, org.springframework.boot.test.context.SpringBootTestArgs@1, org.springframework.boot.test.context.SpringBootTestWebEnvironment@32910148], resourceBasePath = 'src/main/webapp', contextLoader = 'org.springframework.boot.test.context.SpringBootContextLoader', parent = [null]], attributes = map['org.springframework.test.context.web.ServletTestExecutionListener.activateListener' -> true, 'org.springframework.test.context.web.ServletTestExecutionListener.populatedRequestContextHolder' -> true, 'org.springframework.test.context.web.ServletTestExecutionListener.resetRequestContextHolder' -> true, 'org.springframework.test.context.event.ApplicationEventsTestExecutionListener.recordApplicationEvents' -> false]]
2023-07-10 09:13:42 [Test worker] INFO  o.s.t.c.t.TransactionContext [ 107] - Began transaction (1) for test context [DefaultTestContext@26a4842b testClass = FinancialRecordArticleRepositoryTest, testInstance = com.zerohip.server.financialRecordArticle.repository.FinancialRecordArticleRepositoryTest@edb8f0c, testMethod = update@FinancialRecordArticleRepositoryTest, testException = [null], mergedContextConfiguration = [WebMergedContextConfiguration@7e38a7fe testClass = FinancialRecordArticleRepositoryTest, locations = '{}', classes = '{class com.zerohip.server.ServerApplication}', contextInitializerClasses = '[]', activeProfiles = '{}', propertySourceLocations = '{}', propertySourceProperties = '{org.springframework.boot.test.context.SpringBootTestContextBootstrapper=true}', contextCustomizers = set[org.springframework.boot.test.autoconfigure.actuate.metrics.MetricsExportContextCustomizerFactory$DisableMetricExportContextCustomizer@6c2c1385, org.springframework.boot.test.autoconfigure.properties.PropertyMappingContextCustomizer@0, org.springframework.boot.test.autoconfigure.web.servlet.WebDriverContextCustomizerFactory$Customizer@60856961, org.springframework.boot.test.context.filter.ExcludeFilterContextCustomizer@3abada5a, org.springframework.boot.test.json.DuplicateJsonObjectContextCustomizerFactory$DuplicateJsonObjectContextCustomizer@3adcc812, org.springframework.boot.test.mock.mockito.MockitoContextCustomizer@0, org.springframework.boot.test.web.client.TestRestTemplateContextCustomizer@39de3d36, org.springframework.boot.test.context.SpringBootTestArgs@1, org.springframework.boot.test.context.SpringBootTestWebEnvironment@32910148], resourceBasePath = 'src/main/webapp', contextLoader = 'org.springframework.boot.test.context.SpringBootContextLoader', parent = [null]], attributes = map['org.springframework.test.context.web.ServletTestExecutionListener.activateListener' -> true, 'org.springframework.test.context.web.ServletTestExecutionListener.populatedRequestContextHolder' -> true, 'org.springframework.test.context.web.ServletTestExecutionListener.resetRequestContextHolder' -> true, 'org.springframework.test.context.event.ApplicationEventsTestExecutionListener.recordApplicationEvents' -> false]]; transaction manager [org.springframework.orm.jpa.JpaTransactionManager@7be1e187]; rollback [true]
2023-07-10 09:13:42 [Test worker] INFO  c.z.s.f.r.FinancialRecordArticleRepositoryTest [  35] - A new FinancialRecordArticle has been set up with ID: null
Hibernate: 
    /* insert com.zerohip.server.financialRecordArticle.entity.FinancialRecordArticle
        */ insert 
        into
            financial_record_article
            (financial_record_article_id, category, content, fa_date, financial_record_id, price, scope, title) 
        values
            (default, ?, ?, ?, ?, ?, ?, ?)
2023-07-10 09:13:42 [Test worker] INFO  c.z.s.f.r.FinancialRecordArticleRepositoryTest [ 110] - updateFaRecArticle.getTitle() = update title
2023-07-10 09:13:42 [Test worker] INFO  c.z.s.f.r.FinancialRecordArticleRepositoryTest [ 111] - updateFaRecArticle.getContent() = update content
2023-07-10 09:13:42 [Test worker] INFO  c.z.s.f.r.FinancialRecordArticleRepositoryTest [ 112] - updateFaRecArticle.getFaDate() = Mon Jul 10 09:13:42 KST 2023
2023-07-10 09:13:42 [Test worker] INFO  c.z.s.f.r.FinancialRecordArticleRepositoryTest [ 113] - updateFaRecArticle.getCategory() = 테스트
2023-07-10 09:13:42 [Test worker] INFO  c.z.s.f.r.FinancialRecordArticleRepositoryTest [ 114] - updateFaRecArticle.getPrice() = 1000
2023-07-10 09:13:42 [Test worker] INFO  c.z.s.f.r.FinancialRecordArticleRepositoryTest [ 115] - updateFaRecArticle.getScope() = FAREC_ARTICLE
2023-07-10 09:13:42 [Test worker] INFO  o.s.t.c.t.TransactionContext [ 139] - Rolled back transaction for test: [DefaultTestContext@26a4842b testClass = FinancialRecordArticleRepositoryTest, testInstance = com.zerohip.server.financialRecordArticle.repository.FinancialRecordArticleRepositoryTest@edb8f0c, testMethod = update@FinancialRecordArticleRepositoryTest, testException = [null], mergedContextConfiguration = [WebMergedContextConfiguration@7e38a7fe testClass = FinancialRecordArticleRepositoryTest, locations = '{}', classes = '{class com.zerohip.server.ServerApplication}', contextInitializerClasses = '[]', activeProfiles = '{}', propertySourceLocations = '{}', propertySourceProperties = '{org.springframework.boot.test.context.SpringBootTestContextBootstrapper=true}', contextCustomizers = set[org.springframework.boot.test.autoconfigure.actuate.metrics.MetricsExportContextCustomizerFactory$DisableMetricExportContextCustomizer@6c2c1385, org.springframework.boot.test.autoconfigure.properties.PropertyMappingContextCustomizer@0, org.springframework.boot.test.autoconfigure.web.servlet.WebDriverContextCustomizerFactory$Customizer@60856961, org.springframework.boot.test.context.filter.ExcludeFilterContextCustomizer@3abada5a, org.springframework.boot.test.json.DuplicateJsonObjectContextCustomizerFactory$DuplicateJsonObjectContextCustomizer@3adcc812, org.springframework.boot.test.mock.mockito.MockitoContextCustomizer@0, org.springframework.boot.test.web.client.TestRestTemplateContextCustomizer@39de3d36, org.springframework.boot.test.context.SpringBootTestArgs@1, org.springframework.boot.test.context.SpringBootTestWebEnvironment@32910148], resourceBasePath = 'src/main/webapp', contextLoader = 'org.springframework.boot.test.context.SpringBootContextLoader', parent = [null]], attributes = map['org.springframework.test.context.web.ServletTestExecutionListener.activateListener' -> true, 'org.springframework.test.context.web.ServletTestExecutionListener.populatedRequestContextHolder' -> true, 'org.springframework.test.context.web.ServletTestExecutionListener.resetRequestContextHolder' -> true, 'org.springframework.test.context.event.ApplicationEventsTestExecutionListener.recordApplicationEvents' -> false]]
2023-07-10 09:13:42 [Test worker] INFO  o.s.t.c.t.TransactionContext [ 107] - Began transaction (1) for test context [DefaultTestContext@26a4842b testClass = FinancialRecordArticleRepositoryTest, testInstance = com.zerohip.server.financialRecordArticle.repository.FinancialRecordArticleRepositoryTest@1be3e952, testMethod = findById@FinancialRecordArticleRepositoryTest, testException = [null], mergedContextConfiguration = [WebMergedContextConfiguration@7e38a7fe testClass = FinancialRecordArticleRepositoryTest, locations = '{}', classes = '{class com.zerohip.server.ServerApplication}', contextInitializerClasses = '[]', activeProfiles = '{}', propertySourceLocations = '{}', propertySourceProperties = '{org.springframework.boot.test.context.SpringBootTestContextBootstrapper=true}', contextCustomizers = set[org.springframework.boot.test.autoconfigure.actuate.metrics.MetricsExportContextCustomizerFactory$DisableMetricExportContextCustomizer@6c2c1385, org.springframework.boot.test.autoconfigure.properties.PropertyMappingContextCustomizer@0, org.springframework.boot.test.autoconfigure.web.servlet.WebDriverContextCustomizerFactory$Customizer@60856961, org.springframework.boot.test.context.filter.ExcludeFilterContextCustomizer@3abada5a, org.springframework.boot.test.json.DuplicateJsonObjectContextCustomizerFactory$DuplicateJsonObjectContextCustomizer@3adcc812, org.springframework.boot.test.mock.mockito.MockitoContextCustomizer@0, org.springframework.boot.test.web.client.TestRestTemplateContextCustomizer@39de3d36, org.springframework.boot.test.context.SpringBootTestArgs@1, org.springframework.boot.test.context.SpringBootTestWebEnvironment@32910148], resourceBasePath = 'src/main/webapp', contextLoader = 'org.springframework.boot.test.context.SpringBootContextLoader', parent = [null]], attributes = map['org.springframework.test.context.web.ServletTestExecutionListener.activateListener' -> true, 'org.springframework.test.context.web.ServletTestExecutionListener.populatedRequestContextHolder' -> true, 'org.springframework.test.context.web.ServletTestExecutionListener.resetRequestContextHolder' -> true, 'org.springframework.test.context.event.ApplicationEventsTestExecutionListener.recordApplicationEvents' -> false]]; transaction manager [org.springframework.orm.jpa.JpaTransactionManager@7be1e187]; rollback [true]
2023-07-10 09:13:42 [Test worker] INFO  c.z.s.f.r.FinancialRecordArticleRepositoryTest [  35] - A new FinancialRecordArticle has been set up with ID: null
Hibernate: 
    /* insert com.zerohip.server.financialRecordArticle.entity.FinancialRecordArticle
        */ insert 
        into
            financial_record_article
            (financial_record_article_id, category, content, fa_date, financial_record_id, price, scope, title) 
        values
            (default, ?, ?, ?, ?, ?, ?, ?)
2023-07-10 09:13:42 [Test worker] INFO  o.s.t.c.t.TransactionContext [ 139] - Rolled back transaction for test: [DefaultTestContext@26a4842b testClass = FinancialRecordArticleRepositoryTest, testInstance = com.zerohip.server.financialRecordArticle.repository.FinancialRecordArticleRepositoryTest@1be3e952, testMethod = findById@FinancialRecordArticleRepositoryTest, testException = [null], mergedContextConfiguration = [WebMergedContextConfiguration@7e38a7fe testClass = FinancialRecordArticleRepositoryTest, locations = '{}', classes = '{class com.zerohip.server.ServerApplication}', contextInitializerClasses = '[]', activeProfiles = '{}', propertySourceLocations = '{}', propertySourceProperties = '{org.springframework.boot.test.context.SpringBootTestContextBootstrapper=true}', contextCustomizers = set[org.springframework.boot.test.autoconfigure.actuate.metrics.MetricsExportContextCustomizerFactory$DisableMetricExportContextCustomizer@6c2c1385, org.springframework.boot.test.autoconfigure.properties.PropertyMappingContextCustomizer@0, org.springframework.boot.test.autoconfigure.web.servlet.WebDriverContextCustomizerFactory$Customizer@60856961, org.springframework.boot.test.context.filter.ExcludeFilterContextCustomizer@3abada5a, org.springframework.boot.test.json.DuplicateJsonObjectContextCustomizerFactory$DuplicateJsonObjectContextCustomizer@3adcc812, org.springframework.boot.test.mock.mockito.MockitoContextCustomizer@0, org.springframework.boot.test.web.client.TestRestTemplateContextCustomizer@39de3d36, org.springframework.boot.test.context.SpringBootTestArgs@1, org.springframework.boot.test.context.SpringBootTestWebEnvironment@32910148], resourceBasePath = 'src/main/webapp', contextLoader = 'org.springframework.boot.test.context.SpringBootContextLoader', parent = [null]], attributes = map['org.springframework.test.context.web.ServletTestExecutionListener.activateListener' -> true, 'org.springframework.test.context.web.ServletTestExecutionListener.populatedRequestContextHolder' -> true, 'org.springframework.test.context.web.ServletTestExecutionListener.resetRequestContextHolder' -> true, 'org.springframework.test.context.event.ApplicationEventsTestExecutionListener.recordApplicationEvents' -> false]]
2023-07-10 09:13:42 [Test worker] INFO  o.s.t.c.t.TransactionContext [ 107] - Began transaction (1) for test context [DefaultTestContext@26a4842b testClass = FinancialRecordArticleRepositoryTest, testInstance = com.zerohip.server.financialRecordArticle.repository.FinancialRecordArticleRepositoryTest@427c2c96, testMethod = save@FinancialRecordArticleRepositoryTest, testException = [null], mergedContextConfiguration = [WebMergedContextConfiguration@7e38a7fe testClass = FinancialRecordArticleRepositoryTest, locations = '{}', classes = '{class com.zerohip.server.ServerApplication}', contextInitializerClasses = '[]', activeProfiles = '{}', propertySourceLocations = '{}', propertySourceProperties = '{org.springframework.boot.test.context.SpringBootTestContextBootstrapper=true}', contextCustomizers = set[org.springframework.boot.test.autoconfigure.actuate.metrics.MetricsExportContextCustomizerFactory$DisableMetricExportContextCustomizer@6c2c1385, org.springframework.boot.test.autoconfigure.properties.PropertyMappingContextCustomizer@0, org.springframework.boot.test.autoconfigure.web.servlet.WebDriverContextCustomizerFactory$Customizer@60856961, org.springframework.boot.test.context.filter.ExcludeFilterContextCustomizer@3abada5a, org.springframework.boot.test.json.DuplicateJsonObjectContextCustomizerFactory$DuplicateJsonObjectContextCustomizer@3adcc812, org.springframework.boot.test.mock.mockito.MockitoContextCustomizer@0, org.springframework.boot.test.web.client.TestRestTemplateContextCustomizer@39de3d36, org.springframework.boot.test.context.SpringBootTestArgs@1, org.springframework.boot.test.context.SpringBootTestWebEnvironment@32910148], resourceBasePath = 'src/main/webapp', contextLoader = 'org.springframework.boot.test.context.SpringBootContextLoader', parent = [null]], attributes = map['org.springframework.test.context.web.ServletTestExecutionListener.activateListener' -> true, 'org.springframework.test.context.web.ServletTestExecutionListener.populatedRequestContextHolder' -> true, 'org.springframework.test.context.web.ServletTestExecutionListener.resetRequestContextHolder' -> true, 'org.springframework.test.context.event.ApplicationEventsTestExecutionListener.recordApplicationEvents' -> false]]; transaction manager [org.springframework.orm.jpa.JpaTransactionManager@7be1e187]; rollback [true]
2023-07-10 09:13:42 [Test worker] INFO  c.z.s.f.r.FinancialRecordArticleRepositoryTest [  35] - A new FinancialRecordArticle has been set up with ID: null
Hibernate: 
    /* insert com.zerohip.server.financialRecordArticle.entity.FinancialRecordArticle
        */ insert 
        into
            financial_record_article
            (financial_record_article_id, category, content, fa_date, financial_record_id, price, scope, title) 
        values
            (default, ?, ?, ?, ?, ?, ?, ?)
2023-07-10 09:13:42 [Test worker] INFO  c.z.s.f.r.FinancialRecordArticleRepositoryTest [  43] - saveFaRecArticle.getTitle() = test title
2023-07-10 09:13:42 [Test worker] INFO  c.z.s.f.r.FinancialRecordArticleRepositoryTest [  44] - saveFaRecArticle.getContent() = test content
2023-07-10 09:13:42 [Test worker] INFO  c.z.s.f.r.FinancialRecordArticleRepositoryTest [  45] - saveFaRecArticle.getFaDate() = Mon Jul 10 09:13:42 KST 2023
2023-07-10 09:13:42 [Test worker] INFO  c.z.s.f.r.FinancialRecordArticleRepositoryTest [  46] - saveFaRecArticle.getCategory() = 테스트
2023-07-10 09:13:42 [Test worker] INFO  c.z.s.f.r.FinancialRecordArticleRepositoryTest [  47] - saveFaRecArticle.getPrice() = 1000
2023-07-10 09:13:42 [Test worker] INFO  c.z.s.f.r.FinancialRecordArticleRepositoryTest [  48] - saveFaRecArticle.getScope() = FAREC_ARTICLE
2023-07-10 09:13:42 [Test worker] INFO  o.s.t.c.t.TransactionContext [ 139] - Rolled back transaction for test: [DefaultTestContext@26a4842b testClass = FinancialRecordArticleRepositoryTest, testInstance = com.zerohip.server.financialRecordArticle.repository.FinancialRecordArticleRepositoryTest@427c2c96, testMethod = save@FinancialRecordArticleRepositoryTest, testException = [null], mergedContextConfiguration = [WebMergedContextConfiguration@7e38a7fe testClass = FinancialRecordArticleRepositoryTest, locations = '{}', classes = '{class com.zerohip.server.ServerApplication}', contextInitializerClasses = '[]', activeProfiles = '{}', propertySourceLocations = '{}', propertySourceProperties = '{org.springframework.boot.test.context.SpringBootTestContextBootstrapper=true}', contextCustomizers = set[org.springframework.boot.test.autoconfigure.actuate.metrics.MetricsExportContextCustomizerFactory$DisableMetricExportContextCustomizer@6c2c1385, org.springframework.boot.test.autoconfigure.properties.PropertyMappingContextCustomizer@0, org.springframework.boot.test.autoconfigure.web.servlet.WebDriverContextCustomizerFactory$Customizer@60856961, org.springframework.boot.test.context.filter.ExcludeFilterContextCustomizer@3abada5a, org.springframework.boot.test.json.DuplicateJsonObjectContextCustomizerFactory$DuplicateJsonObjectContextCustomizer@3adcc812, org.springframework.boot.test.mock.mockito.MockitoContextCustomizer@0, org.springframework.boot.test.web.client.TestRestTemplateContextCustomizer@39de3d36, org.springframework.boot.test.context.SpringBootTestArgs@1, org.springframework.boot.test.context.SpringBootTestWebEnvironment@32910148], resourceBasePath = 'src/main/webapp', contextLoader = 'org.springframework.boot.test.context.SpringBootContextLoader', parent = [null]], attributes = map['org.springframework.test.context.web.ServletTestExecutionListener.activateListener' -> true, 'org.springframework.test.context.web.ServletTestExecutionListener.populatedRequestContextHolder' -> true, 'org.springframework.test.context.web.ServletTestExecutionListener.resetRequestContextHolder' -> true, 'org.springframework.test.context.event.ApplicationEventsTestExecutionListener.recordApplicationEvents' -> false]]
]]></system-out>
  <system-err><![CDATA[]]></system-err>
</testsuite>
